{"/home/travis/build/npmtest/node-npmtest-packagecheck/test.js":{"path":"/home/travis/build/npmtest/node-npmtest-packagecheck/test.js","s":{"1":2,"2":2,"3":2,"4":2,"5":2,"6":2,"7":2,"8":1,"9":2,"10":2,"11":1,"12":1,"13":1,"14":1,"15":2,"16":2,"17":2,"18":2,"19":1,"20":1,"21":2,"22":2,"23":2,"24":1,"25":1,"26":1,"27":1,"28":1,"29":1,"30":1,"31":1,"32":1,"33":1,"34":1,"35":1,"36":1,"37":1,"38":1,"39":2,"40":2,"41":1,"42":2,"43":2,"44":1,"45":2,"46":2,"47":1,"48":2,"49":2,"50":1,"51":1,"52":1,"53":1,"54":1},"b":{"1":[2,1,1,1],"2":[1,1,1,1],"3":[1,1],"4":[1,1],"5":[1,1],"6":[1,1],"7":[1,1],"8":[1,1],"9":[1,1],"10":[1,1,1],"11":[1,1],"12":[1,1],"13":[1,1],"14":[1,1],"15":[1,1],"16":[1,1],"17":[1,1]},"f":{"1":2,"2":2,"3":2,"4":2,"5":2,"6":1,"7":1,"8":1,"9":2,"10":2,"11":2,"12":2,"13":1},"fnMap":{"1":{"name":"(anonymous_1)","line":12,"loc":{"start":{"line":12,"column":1},"end":{"line":12,"column":13}}},"2":{"name":"(anonymous_2)","line":19,"loc":{"start":{"line":19,"column":5},"end":{"line":19,"column":17}}},"3":{"name":"(anonymous_3)","line":23,"loc":{"start":{"line":23,"column":24},"end":{"line":23,"column":36}}},"4":{"name":"(anonymous_4)","line":61,"loc":{"start":{"line":61,"column":5},"end":{"line":61,"column":17}}},"5":{"name":"(anonymous_5)","line":82,"loc":{"start":{"line":82,"column":5},"end":{"line":82,"column":17}}},"6":{"name":"(anonymous_6)","line":91,"loc":{"start":{"line":91,"column":77},"end":{"line":94,"column":10}}},"7":{"name":"(anonymous_7)","line":112,"loc":{"start":{"line":112,"column":83},"end":{"line":115,"column":10}},"skip":true},"8":{"name":"(anonymous_8)","line":123,"loc":{"start":{"line":123,"column":77},"end":{"line":126,"column":10}},"skip":true},"9":{"name":"(anonymous_9)","line":139,"loc":{"start":{"line":139,"column":12},"end":{"line":139,"column":40}},"skip":true},"10":{"name":"(anonymous_10)","line":147,"loc":{"start":{"line":147,"column":77},"end":{"line":150,"column":10}},"skip":true},"11":{"name":"(anonymous_11)","line":158,"loc":{"start":{"line":158,"column":83},"end":{"line":161,"column":10}},"skip":true},"12":{"name":"(anonymous_12)","line":169,"loc":{"start":{"line":169,"column":79},"end":{"line":172,"column":10}},"skip":true},"13":{"name":"(anonymous_13)","line":180,"loc":{"start":{"line":180,"column":75},"end":{"line":183,"column":10}},"skip":true}},"statementMap":{"1":{"start":{"line":12,"column":0},"end":{"line":195,"column":5}},"2":{"start":{"line":14,"column":4},"end":{"line":14,"column":14}},"3":{"start":{"line":19,"column":4},"end":{"line":56,"column":9}},"4":{"start":{"line":21,"column":8},"end":{"line":21,"column":19}},"5":{"start":{"line":23,"column":8},"end":{"line":35,"column":13}},"6":{"start":{"line":24,"column":12},"end":{"line":34,"column":13}},"7":{"start":{"line":25,"column":16},"end":{"line":28,"column":30}},"8":{"start":{"line":30,"column":16},"end":{"line":33,"column":27}},"9":{"start":{"line":37,"column":8},"end":{"line":39,"column":21}},"10":{"start":{"line":40,"column":8},"end":{"line":53,"column":9}},"11":{"start":{"line":43,"column":12},"end":{"line":46,"column":14}},"12":{"start":{"line":47,"column":12},"end":{"line":47,"column":18}},"13":{"start":{"line":50,"column":12},"end":{"line":51,"column":33}},"14":{"start":{"line":52,"column":12},"end":{"line":52,"column":18}},"15":{"start":{"line":55,"column":8},"end":{"line":55,"column":35}},"16":{"start":{"line":61,"column":4},"end":{"line":63,"column":9}},"17":{"start":{"line":62,"column":8},"end":{"line":62,"column":15}},"18":{"start":{"line":64,"column":4},"end":{"line":77,"column":5}},"19":{"start":{"line":70,"column":8},"end":{"line":70,"column":14}},"20":{"start":{"line":76,"column":8},"end":{"line":76,"column":14}},"21":{"start":{"line":82,"column":4},"end":{"line":84,"column":9}},"22":{"start":{"line":83,"column":8},"end":{"line":83,"column":15}},"23":{"start":{"line":85,"column":4},"end":{"line":194,"column":5}},"24":{"start":{"line":91,"column":8},"end":{"line":99,"column":10}},"25":{"start":{"line":98,"column":12},"end":{"line":98,"column":35}},"26":{"start":{"line":102,"column":8},"end":{"line":104,"column":63}},"27":{"start":{"line":105,"column":8},"end":{"line":105,"column":14}},"28":{"start":{"line":112,"column":8},"end":{"line":121,"column":10},"skip":true},"29":{"start":{"line":119,"column":12},"end":{"line":119,"column":55},"skip":true},"30":{"start":{"line":120,"column":12},"end":{"line":120,"column":48},"skip":true},"31":{"start":{"line":123,"column":8},"end":{"line":136,"column":10},"skip":true},"32":{"start":{"line":130,"column":12},"end":{"line":130,"column":76},"skip":true},"33":{"start":{"line":131,"column":12},"end":{"line":131,"column":73},"skip":true},"34":{"start":{"line":132,"column":12},"end":{"line":132,"column":74},"skip":true},"35":{"start":{"line":133,"column":12},"end":{"line":133,"column":79},"skip":true},"36":{"start":{"line":134,"column":12},"end":{"line":134,"column":25},"skip":true},"37":{"start":{"line":135,"column":12},"end":{"line":135,"column":45},"skip":true},"38":{"start":{"line":138,"column":8},"end":{"line":145,"column":14},"skip":true},"39":{"start":{"line":143,"column":16},"end":{"line":143,"column":29},"skip":true},"40":{"start":{"line":144,"column":16},"end":{"line":144,"column":55},"skip":true},"41":{"start":{"line":147,"column":8},"end":{"line":156,"column":10},"skip":true},"42":{"start":{"line":154,"column":12},"end":{"line":154,"column":25},"skip":true},"43":{"start":{"line":155,"column":12},"end":{"line":155,"column":45},"skip":true},"44":{"start":{"line":158,"column":8},"end":{"line":167,"column":10},"skip":true},"45":{"start":{"line":165,"column":12},"end":{"line":165,"column":25},"skip":true},"46":{"start":{"line":166,"column":12},"end":{"line":166,"column":48},"skip":true},"47":{"start":{"line":169,"column":8},"end":{"line":178,"column":10},"skip":true},"48":{"start":{"line":176,"column":12},"end":{"line":176,"column":25},"skip":true},"49":{"start":{"line":177,"column":12},"end":{"line":177,"column":46},"skip":true},"50":{"start":{"line":180,"column":8},"end":{"line":189,"column":10},"skip":true},"51":{"start":{"line":187,"column":12},"end":{"line":187,"column":94},"skip":true},"52":{"start":{"line":188,"column":12},"end":{"line":188,"column":48},"skip":true},"53":{"start":{"line":192,"column":8},"end":{"line":192,"column":35},"skip":true},"54":{"start":{"line":193,"column":8},"end":{"line":193,"column":14},"skip":true}},"branchMap":{"1":{"line":25,"type":"binary-expr","locations":[{"start":{"line":25,"column":23},"end":{"line":25,"column":62}},{"start":{"line":26,"column":20},"end":{"line":26,"column":70}},{"start":{"line":27,"column":20},"end":{"line":27,"column":71}},{"start":{"line":28,"column":20},"end":{"line":28,"column":29}}]},"2":{"line":30,"type":"binary-expr","locations":[{"start":{"line":30,"column":23},"end":{"line":30,"column":37}},{"start":{"line":31,"column":20},"end":{"line":31,"column":61}},{"start":{"line":32,"column":20},"end":{"line":32,"column":70}},{"start":{"line":33,"column":20},"end":{"line":33,"column":26}}]},"3":{"line":37,"type":"cond-expr","locations":[{"start":{"line":38,"column":14},"end":{"line":38,"column":20}},{"start":{"line":39,"column":14},"end":{"line":39,"column":20}}]},"4":{"line":40,"type":"switch","locations":[{"start":{"line":42,"column":8},"end":{"line":47,"column":18}},{"start":{"line":49,"column":8},"end":{"line":52,"column":18}}]},"5":{"line":44,"type":"binary-expr","locations":[{"start":{"line":44,"column":16},"end":{"line":44,"column":44}},{"start":{"line":44,"column":48},"end":{"line":44,"column":66}}]},"6":{"line":50,"type":"binary-expr","locations":[{"start":{"line":50,"column":21},"end":{"line":50,"column":49}},{"start":{"line":50,"column":53},"end":{"line":50,"column":72}}]},"7":{"line":64,"type":"switch","locations":[{"start":{"line":69,"column":4},"end":{"line":70,"column":14}},{"start":{"line":75,"column":4},"end":{"line":76,"column":14}}]},"8":{"line":85,"type":"switch","locations":[{"start":{"line":90,"column":4},"end":{"line":105,"column":14}},{"start":{"line":111,"column":4},"end":{"line":193,"column":14},"skip":true}]},"9":{"line":91,"type":"binary-expr","locations":[{"start":{"line":91,"column":42},"end":{"line":91,"column":73}},{"start":{"line":91,"column":77},"end":{"line":99,"column":9}}]},"10":{"line":102,"type":"binary-expr","locations":[{"start":{"line":102,"column":18},"end":{"line":102,"column":32}},{"start":{"line":103,"column":12},"end":{"line":103,"column":53}},{"start":{"line":104,"column":12},"end":{"line":104,"column":61}}]},"11":{"line":112,"type":"binary-expr","locations":[{"start":{"line":112,"column":45},"end":{"line":112,"column":79},"skip":true},{"start":{"line":112,"column":83},"end":{"line":121,"column":9},"skip":true}]},"12":{"line":123,"type":"binary-expr","locations":[{"start":{"line":123,"column":42},"end":{"line":123,"column":73},"skip":true},{"start":{"line":123,"column":77},"end":{"line":136,"column":9},"skip":true}]},"13":{"line":138,"type":"binary-expr","locations":[{"start":{"line":138,"column":48},"end":{"line":138,"column":85},"skip":true},{"start":{"line":139,"column":12},"end":{"line":145,"column":13},"skip":true}]},"14":{"line":147,"type":"binary-expr","locations":[{"start":{"line":147,"column":42},"end":{"line":147,"column":73},"skip":true},{"start":{"line":147,"column":77},"end":{"line":156,"column":9},"skip":true}]},"15":{"line":158,"type":"binary-expr","locations":[{"start":{"line":158,"column":45},"end":{"line":158,"column":79},"skip":true},{"start":{"line":158,"column":83},"end":{"line":167,"column":9},"skip":true}]},"16":{"line":169,"type":"binary-expr","locations":[{"start":{"line":169,"column":43},"end":{"line":169,"column":75},"skip":true},{"start":{"line":169,"column":79},"end":{"line":178,"column":9},"skip":true}]},"17":{"line":180,"type":"binary-expr","locations":[{"start":{"line":180,"column":41},"end":{"line":180,"column":71},"skip":true},{"start":{"line":180,"column":75},"end":{"line":189,"column":9},"skip":true}]}},"code":["/* istanbul instrument in package npmtest_packagecheck */","/*jslint","    bitwise: true,","    browser: true,","    maxerr: 8,","    maxlen: 96,","    node: true,","    nomen: true,","    regexp: true,","    stupid: true","*/","(function () {","    'use strict';","    var local;","","","","    // run shared js-env code - pre-init","    (function () {","        // init local","        local = {};","        // init modeJs","        local.modeJs = (function () {","            try {","                return typeof navigator.userAgent === 'string' &&","                    typeof document.querySelector('body') === 'object' &&","                    typeof XMLHttpRequest.prototype.open === 'function' &&","                    'browser';","            } catch (errorCaughtBrowser) {","                return module.exports &&","                    typeof process.versions.node === 'string' &&","                    typeof require('http').createServer === 'function' &&","                    'node';","            }","        }());","        // init global","        local.global = local.modeJs === 'browser'","            ? window","            : global;","        switch (local.modeJs) {","        // re-init local from window.local","        case 'browser':","            local = local.global.utility2.objectSetDefault(","                local.global.utility2_rollup || local.global.local,","                local.global.utility2","            );","            break;","        // re-init local from example.js","        case 'node':","            local = (local.global.utility2_rollup || require('utility2'))","                .requireReadme();","            break;","        }","        // export local","        local.global.local = local;","    }());","","","","    // run shared js-env code - function","    (function () {","        return;","    }());","    switch (local.modeJs) {","","","","    // run browser js-env code - function","    case 'browser':","        break;","","","","    // run node js-env code - function","    case 'node':","        break;","    }","","","","    // run shared js-env code - post-init","    (function () {","        return;","    }());","    switch (local.modeJs) {","","","","    // run browser js-env code - post-init","    case 'browser':","        local.testCase_browser_nullCase = local.testCase_browser_nullCase || function (","            options,","            onError","        ) {","        /*","         * this function will test browsers's null-case handling-behavior-behavior","         */","            onError(null, options);","        };","","        // run tests","        local.nop(local.modeTest &&","            document.querySelector('#testRunButton1') &&","            document.querySelector('#testRunButton1').click());","        break;","","","","    // run node js-env code - post-init","    /* istanbul ignore next */","    case 'node':","        local.testCase_buildApidoc_default = local.testCase_buildApidoc_default || function (","            options,","            onError","        ) {","        /*","         * this function will test buildApidoc's default handling-behavior-behavior","         */","            options = { modulePathList: module.paths };","            local.buildApidoc(options, onError);","        };","","        local.testCase_buildApp_default = local.testCase_buildApp_default || function (","            options,","            onError","        ) {","        /*","         * this function will test buildApp's default handling-behavior-behavior","         */","            local.testCase_buildReadme_default(options, local.onErrorThrow);","            local.testCase_buildLib_default(options, local.onErrorThrow);","            local.testCase_buildTest_default(options, local.onErrorThrow);","            local.testCase_buildCustomOrg_default(options, local.onErrorThrow);","            options = [];","            local.buildApp(options, onError);","        };","","        local.testCase_buildCustomOrg_default = local.testCase_buildCustomOrg_default ||","            function (options, onError) {","            /*","             * this function will test buildCustomOrg's default handling-behavior","             */","                options = {};","                local.buildCustomOrg(options, onError);","            };","","        local.testCase_buildLib_default = local.testCase_buildLib_default || function (","            options,","            onError","        ) {","        /*","         * this function will test buildLib's default handling-behavior","         */","            options = {};","            local.buildLib(options, onError);","        };","","        local.testCase_buildReadme_default = local.testCase_buildReadme_default || function (","            options,","            onError","        ) {","        /*","         * this function will test buildReadme's default handling-behavior-behavior","         */","            options = {};","            local.buildReadme(options, onError);","        };","","        local.testCase_buildTest_default = local.testCase_buildTest_default || function (","            options,","            onError","        ) {","        /*","         * this function will test buildTest's default handling-behavior","         */","            options = {};","            local.buildTest(options, onError);","        };","","        local.testCase_webpage_default = local.testCase_webpage_default || function (","            options,","            onError","        ) {","        /*","         * this function will test webpage's default handling-behavior","         */","            options = { modeCoverageMerge: true, url: local.serverLocalHost + '?modeTest=1' };","            local.browserTest(options, onError);","        };","","        // run test-server","        local.testRunServer(local);","        break;","    }","}());",""],"l":{"12":2,"14":2,"19":2,"21":2,"23":2,"24":2,"25":2,"30":1,"37":2,"40":2,"43":1,"47":1,"50":1,"52":1,"55":2,"61":2,"62":2,"64":2,"70":1,"76":1,"82":2,"83":2,"85":2,"91":1,"98":1,"102":1,"105":1,"112":1,"119":1,"120":1,"123":1,"130":1,"131":1,"132":1,"133":1,"134":1,"135":1,"138":1,"143":2,"144":2,"147":1,"154":2,"155":2,"158":1,"165":2,"166":2,"169":1,"176":2,"177":2,"180":1,"187":1,"188":1,"192":1,"193":1}},"/home/travis/build/npmtest/node-npmtest-packagecheck/lib.npmtest_packagecheck.js":{"path":"/home/travis/build/npmtest/node-npmtest-packagecheck/lib.npmtest_packagecheck.js","s":{"1":2,"2":2,"3":2,"4":2,"5":2,"6":2,"7":2,"8":1,"9":2,"10":2,"11":2,"12":2,"13":1,"14":1,"15":1,"16":1},"b":{"1":[2,1,1,1],"2":[1,1,1,1],"3":[1,1],"4":[2,2],"5":[1,1]},"f":{"1":2,"2":2,"3":2},"fnMap":{"1":{"name":"(anonymous_1)","line":12,"loc":{"start":{"line":12,"column":1},"end":{"line":12,"column":13}}},"2":{"name":"(anonymous_2)","line":19,"loc":{"start":{"line":19,"column":5},"end":{"line":19,"column":17}}},"3":{"name":"(anonymous_3)","line":23,"loc":{"start":{"line":23,"column":24},"end":{"line":23,"column":36}}}},"statementMap":{"1":{"start":{"line":12,"column":0},"end":{"line":53,"column":5}},"2":{"start":{"line":14,"column":4},"end":{"line":14,"column":14}},"3":{"start":{"line":19,"column":4},"end":{"line":52,"column":9}},"4":{"start":{"line":21,"column":8},"end":{"line":21,"column":19}},"5":{"start":{"line":23,"column":8},"end":{"line":35,"column":13}},"6":{"start":{"line":24,"column":12},"end":{"line":34,"column":13}},"7":{"start":{"line":25,"column":16},"end":{"line":28,"column":30}},"8":{"start":{"line":30,"column":16},"end":{"line":33,"column":27}},"9":{"start":{"line":37,"column":8},"end":{"line":39,"column":21}},"10":{"start":{"line":41,"column":8},"end":{"line":41,"column":54}},"11":{"start":{"line":43,"column":8},"end":{"line":43,"column":57}},"12":{"start":{"line":45,"column":8},"end":{"line":51,"column":9}},"13":{"start":{"line":46,"column":12},"end":{"line":46,"column":63}},"14":{"start":{"line":48,"column":12},"end":{"line":48,"column":35}},"15":{"start":{"line":49,"column":12},"end":{"line":49,"column":49}},"16":{"start":{"line":50,"column":12},"end":{"line":50,"column":43}}},"branchMap":{"1":{"line":25,"type":"binary-expr","locations":[{"start":{"line":25,"column":23},"end":{"line":25,"column":62}},{"start":{"line":26,"column":20},"end":{"line":26,"column":70}},{"start":{"line":27,"column":20},"end":{"line":27,"column":71}},{"start":{"line":28,"column":20},"end":{"line":28,"column":29}}]},"2":{"line":30,"type":"binary-expr","locations":[{"start":{"line":30,"column":23},"end":{"line":30,"column":37}},{"start":{"line":31,"column":20},"end":{"line":31,"column":61}},{"start":{"line":32,"column":20},"end":{"line":32,"column":70}},{"start":{"line":33,"column":20},"end":{"line":33,"column":26}}]},"3":{"line":37,"type":"cond-expr","locations":[{"start":{"line":38,"column":14},"end":{"line":38,"column":20}},{"start":{"line":39,"column":14},"end":{"line":39,"column":20}}]},"4":{"line":41,"type":"binary-expr","locations":[{"start":{"line":41,"column":16},"end":{"line":41,"column":44}},{"start":{"line":41,"column":48},"end":{"line":41,"column":53}}]},"5":{"line":45,"type":"if","locations":[{"start":{"line":45,"column":8},"end":{"line":45,"column":8}},{"start":{"line":45,"column":8},"end":{"line":45,"column":8}}]}},"code":["/* istanbul instrument in package npmtest_packagecheck */","/*jslint","    bitwise: true,","    browser: true,","    maxerr: 8,","    maxlen: 96,","    node: true,","    nomen: true,","    regexp: true,","    stupid: true","*/","(function () {","    'use strict';","    var local;","","","","    // run shared js-env code - pre-init","    (function () {","        // init local","        local = {};","        // init modeJs","        local.modeJs = (function () {","            try {","                return typeof navigator.userAgent === 'string' &&","                    typeof document.querySelector('body') === 'object' &&","                    typeof XMLHttpRequest.prototype.open === 'function' &&","                    'browser';","            } catch (errorCaughtBrowser) {","                return module.exports &&","                    typeof process.versions.node === 'string' &&","                    typeof require('http').createServer === 'function' &&","                    'node';","            }","        }());","        // init global","        local.global = local.modeJs === 'browser'","            ? window","            : global;","        // init utility2_rollup","        local = local.global.utility2_rollup || local;","        // init lib","        local.local = local.npmtest_packagecheck = local;","        // init exports","        if (local.modeJs === 'browser') {","            local.global.utility2_npmtest_packagecheck = local;","        } else {","            module.exports = local;","            module.exports.__dirname = __dirname;","            module.exports.module = module;","        }","    }());","}());",""],"l":{"12":2,"14":2,"19":2,"21":2,"23":2,"24":2,"25":2,"30":1,"37":2,"41":2,"43":2,"45":2,"46":1,"48":1,"49":1,"50":1}},"/home/travis/build/npmtest/node-npmtest-packagecheck/example.js":{"path":"/home/travis/build/npmtest/node-npmtest-packagecheck/example.js","s":{"1":2,"2":2,"3":2,"4":2,"5":2,"6":2,"7":2,"8":1,"9":2,"10":2,"11":2,"12":2,"13":1,"14":2,"15":2,"16":2,"17":2,"18":2,"19":0,"20":2,"21":1,"22":1,"23":1,"24":1,"25":1,"26":0,"27":0,"28":1,"29":1,"30":2,"31":0,"32":0,"33":0,"34":1,"35":2,"36":2,"37":3,"38":3,"39":3,"40":3,"41":0,"42":3,"43":3,"44":3,"45":1,"46":3,"47":1,"48":1,"49":1,"50":1,"51":1,"52":1,"53":1,"54":1,"55":1,"56":1,"57":0,"58":1,"59":6,"60":6,"61":1,"62":2,"63":0,"64":2,"65":1,"66":1,"67":0,"68":0,"69":0,"70":0,"71":0,"72":0,"73":0,"74":0,"75":0,"76":0,"77":0,"78":0,"79":0,"80":0,"81":0,"82":0,"83":0},"b":{"1":[2,1,1,1],"2":[1,1,1,1],"3":[1,1],"4":[2,2],"5":[1,1],"6":[1,1],"7":[2,0],"8":[2,1,1,1,1,1],"9":[0,2,0],"10":[1,1],"11":[2,1,1],"12":[1,0],"13":[0,2],"14":[2,0,0,0,0,0,0],"15":[0,3],"16":[3,0],"17":[1,1],"18":[0,1],"19":[1,2,0,2],"20":[1,0],"21":[1,1],"22":[0,0],"23":[0,0],"24":[0,0],"25":[0,0],"26":[0,0],"27":[0,0],"28":[0,0]},"f":{"1":2,"2":2,"3":2,"4":2,"5":2,"6":2,"7":3,"8":3,"9":3,"10":1,"11":6,"12":0},"fnMap":{"1":{"name":"(anonymous_1)","line":26,"loc":{"start":{"line":26,"column":1},"end":{"line":26,"column":13}}},"2":{"name":"(anonymous_2)","line":33,"loc":{"start":{"line":33,"column":5},"end":{"line":33,"column":17}}},"3":{"name":"(anonymous_3)","line":37,"loc":{"start":{"line":37,"column":24},"end":{"line":37,"column":36}}},"4":{"name":"(anonymous_4)","line":69,"loc":{"start":{"line":69,"column":31},"end":{"line":69,"column":48}},"skip":true},"5":{"name":"(anonymous_5)","line":78,"loc":{"start":{"line":78,"column":26},"end":{"line":78,"column":45}},"skip":true},"6":{"name":"(anonymous_6)","line":123,"loc":{"start":{"line":123,"column":33},"end":{"line":123,"column":48}},"skip":true},"7":{"name":"(anonymous_7)","line":125,"loc":{"start":{"line":125,"column":27},"end":{"line":125,"column":39}},"skip":true},"8":{"name":"(anonymous_8)","line":133,"loc":{"start":{"line":133,"column":59},"end":{"line":133,"column":74}},"skip":true},"9":{"name":"(anonymous_9)","line":143,"loc":{"start":{"line":143,"column":45},"end":{"line":143,"column":62}},"skip":true},"10":{"name":"(anonymous_10)","line":144,"loc":{"start":{"line":144,"column":73},"end":{"line":144,"column":92}},"skip":true},"11":{"name":"(anonymous_11)","line":272,"loc":{"start":{"line":272,"column":51},"end":{"line":272,"column":77}},"skip":true},"12":{"name":"(anonymous_12)","line":315,"loc":{"start":{"line":315,"column":32},"end":{"line":315,"column":61}},"skip":true}},"statementMap":{"1":{"start":{"line":26,"column":0},"end":{"line":326,"column":5}},"2":{"start":{"line":28,"column":4},"end":{"line":28,"column":14}},"3":{"start":{"line":33,"column":4},"end":{"line":60,"column":9}},"4":{"start":{"line":35,"column":8},"end":{"line":35,"column":19}},"5":{"start":{"line":37,"column":8},"end":{"line":49,"column":13}},"6":{"start":{"line":38,"column":12},"end":{"line":48,"column":13}},"7":{"start":{"line":39,"column":16},"end":{"line":42,"column":30}},"8":{"start":{"line":44,"column":16},"end":{"line":47,"column":27}},"9":{"start":{"line":51,"column":8},"end":{"line":53,"column":21}},"10":{"start":{"line":55,"column":8},"end":{"line":57,"column":45}},"11":{"start":{"line":59,"column":8},"end":{"line":59,"column":35}},"12":{"start":{"line":61,"column":4},"end":{"line":325,"column":5}},"13":{"start":{"line":69,"column":8},"end":{"line":121,"column":10},"skip":true},"14":{"start":{"line":70,"column":12},"end":{"line":88,"column":13},"skip":true},"15":{"start":{"line":76,"column":16},"end":{"line":87,"column":19},"skip":true},"16":{"start":{"line":79,"column":20},"end":{"line":86,"column":21},"skip":true},"17":{"start":{"line":82,"column":24},"end":{"line":82,"column":43},"skip":true},"18":{"start":{"line":83,"column":24},"end":{"line":83,"column":30},"skip":true},"19":{"start":{"line":85,"column":24},"end":{"line":85,"column":49},"skip":true},"20":{"start":{"line":89,"column":12},"end":{"line":107,"column":13},"skip":true},"21":{"start":{"line":92,"column":16},"end":{"line":102,"column":17},"skip":true},"22":{"start":{"line":93,"column":20},"end":{"line":93,"column":86},"skip":true},"23":{"start":{"line":94,"column":20},"end":{"line":95,"column":45},"skip":true},"24":{"start":{"line":96,"column":20},"end":{"line":96,"column":42},"skip":true},"25":{"start":{"line":97,"column":20},"end":{"line":97,"column":48},"skip":true},"26":{"start":{"line":100,"column":20},"end":{"line":100,"column":85},"skip":true},"27":{"start":{"line":101,"column":20},"end":{"line":101,"column":96},"skip":true},"28":{"start":{"line":103,"column":16},"end":{"line":103,"column":22},"skip":true},"29":{"start":{"line":106,"column":16},"end":{"line":106,"column":22},"skip":true},"30":{"start":{"line":108,"column":12},"end":{"line":120,"column":13},"skip":true},"31":{"start":{"line":114,"column":16},"end":{"line":119,"column":17},"skip":true},"32":{"start":{"line":116,"column":20},"end":{"line":116,"column":78},"skip":true},"33":{"start":{"line":118,"column":20},"end":{"line":118,"column":47},"skip":true},"34":{"start":{"line":123,"column":8},"end":{"line":141,"column":11},"skip":true},"35":{"start":{"line":124,"column":12},"end":{"line":124,"column":54},"skip":true},"36":{"start":{"line":125,"column":12},"end":{"line":140,"column":14},"skip":true},"37":{"start":{"line":126,"column":16},"end":{"line":126,"column":28},"skip":true},"38":{"start":{"line":127,"column":16},"end":{"line":127,"column":69},"skip":true},"39":{"start":{"line":128,"column":16},"end":{"line":128,"column":75},"skip":true},"40":{"start":{"line":129,"column":16},"end":{"line":131,"column":17},"skip":true},"41":{"start":{"line":130,"column":20},"end":{"line":130,"column":27},"skip":true},"42":{"start":{"line":133,"column":16},"end":{"line":137,"column":36},"skip":true},"43":{"start":{"line":134,"column":20},"end":{"line":136,"column":55},"skip":true},"44":{"start":{"line":139,"column":16},"end":{"line":139,"column":57},"skip":true},"45":{"start":{"line":143,"column":8},"end":{"line":147,"column":11},"skip":true},"46":{"start":{"line":144,"column":12},"end":{"line":146,"column":15},"skip":true},"47":{"start":{"line":145,"column":16},"end":{"line":145,"column":70},"skip":true},"48":{"start":{"line":149,"column":8},"end":{"line":149,"column":31},"skip":true},"49":{"start":{"line":150,"column":8},"end":{"line":150,"column":14},"skip":true},"50":{"start":{"line":158,"column":8},"end":{"line":158,"column":31},"skip":true},"51":{"start":{"line":160,"column":8},"end":{"line":160,"column":33},"skip":true},"52":{"start":{"line":161,"column":8},"end":{"line":161,"column":37},"skip":true},"53":{"start":{"line":162,"column":8},"end":{"line":162,"column":35},"skip":true},"54":{"start":{"line":164,"column":8},"end":{"line":164,"column":50},"skip":true},"55":{"start":{"line":166,"column":8},"end":{"line":256,"column":2},"skip":true},"56":{"start":{"line":258,"column":8},"end":{"line":286,"column":9},"skip":true},"57":{"start":{"line":259,"column":12},"end":{"line":269,"column":14},"skip":true},"58":{"start":{"line":271,"column":12},"end":{"line":285,"column":19},"skip":true},"59":{"start":{"line":274,"column":20},"end":{"line":274,"column":35},"skip":true},"60":{"start":{"line":275,"column":20},"end":{"line":284,"column":21},"skip":true},"61":{"start":{"line":277,"column":24},"end":{"line":277,"column":64},"skip":true},"62":{"start":{"line":279,"column":24},"end":{"line":279,"column":40},"skip":true},"63":{"start":{"line":281,"column":24},"end":{"line":281,"column":40},"skip":true},"64":{"start":{"line":283,"column":24},"end":{"line":283,"column":39},"skip":true},"65":{"start":{"line":288,"column":8},"end":{"line":290,"column":9},"skip":true},"66":{"start":{"line":289,"column":12},"end":{"line":289,"column":18},"skip":true},"67":{"start":{"line":291,"column":8},"end":{"line":293,"column":54},"skip":true},"68":{"start":{"line":296,"column":8},"end":{"line":301,"column":37},"skip":true},"69":{"start":{"line":303,"column":8},"end":{"line":303,"column":82},"skip":true},"70":{"start":{"line":306,"column":8},"end":{"line":308,"column":9},"skip":true},"71":{"start":{"line":307,"column":12},"end":{"line":307,"column":82},"skip":true},"72":{"start":{"line":310,"column":8},"end":{"line":312,"column":9},"skip":true},"73":{"start":{"line":311,"column":12},"end":{"line":311,"column":18},"skip":true},"74":{"start":{"line":313,"column":8},"end":{"line":313,"column":54},"skip":true},"75":{"start":{"line":314,"column":8},"end":{"line":314,"column":69},"skip":true},"76":{"start":{"line":315,"column":8},"end":{"line":323,"column":36},"skip":true},"77":{"start":{"line":316,"column":12},"end":{"line":316,"column":61},"skip":true},"78":{"start":{"line":317,"column":12},"end":{"line":320,"column":13},"skip":true},"79":{"start":{"line":318,"column":16},"end":{"line":318,"column":75},"skip":true},"80":{"start":{"line":319,"column":16},"end":{"line":319,"column":23},"skip":true},"81":{"start":{"line":321,"column":12},"end":{"line":321,"column":38},"skip":true},"82":{"start":{"line":322,"column":12},"end":{"line":322,"column":27},"skip":true},"83":{"start":{"line":324,"column":8},"end":{"line":324,"column":14},"skip":true}},"branchMap":{"1":{"line":39,"type":"binary-expr","locations":[{"start":{"line":39,"column":23},"end":{"line":39,"column":62}},{"start":{"line":40,"column":20},"end":{"line":40,"column":70}},{"start":{"line":41,"column":20},"end":{"line":41,"column":71}},{"start":{"line":42,"column":20},"end":{"line":42,"column":29}}]},"2":{"line":44,"type":"binary-expr","locations":[{"start":{"line":44,"column":23},"end":{"line":44,"column":37}},{"start":{"line":45,"column":20},"end":{"line":45,"column":61}},{"start":{"line":46,"column":20},"end":{"line":46,"column":70}},{"start":{"line":47,"column":20},"end":{"line":47,"column":26}}]},"3":{"line":51,"type":"cond-expr","locations":[{"start":{"line":52,"column":14},"end":{"line":52,"column":20}},{"start":{"line":53,"column":14},"end":{"line":53,"column":20}}]},"4":{"line":55,"type":"binary-expr","locations":[{"start":{"line":55,"column":16},"end":{"line":55,"column":44}},{"start":{"line":55,"column":49},"end":{"line":57,"column":43}}]},"5":{"line":55,"type":"cond-expr","locations":[{"start":{"line":56,"column":14},"end":{"line":56,"column":56}},{"start":{"line":57,"column":14},"end":{"line":57,"column":43}}]},"6":{"line":61,"type":"switch","locations":[{"start":{"line":68,"column":4},"end":{"line":150,"column":14},"skip":true},{"start":{"line":156,"column":4},"end":{"line":324,"column":14},"skip":true}]},"7":{"line":70,"type":"if","locations":[{"start":{"line":70,"column":12},"end":{"line":70,"column":12},"skip":true},{"start":{"line":70,"column":12},"end":{"line":70,"column":12},"skip":true}]},"8":{"line":70,"type":"binary-expr","locations":[{"start":{"line":70,"column":16},"end":{"line":70,"column":22},"skip":true},{"start":{"line":70,"column":27},"end":{"line":70,"column":32},"skip":true},{"start":{"line":71,"column":20},"end":{"line":71,"column":39},"skip":true},{"start":{"line":72,"column":20},"end":{"line":72,"column":49},"skip":true},{"start":{"line":73,"column":20},"end":{"line":73,"column":58},"skip":true},{"start":{"line":74,"column":20},"end":{"line":74,"column":69},"skip":true}]},"9":{"line":79,"type":"switch","locations":[{"start":{"line":80,"column":20},"end":{"line":80,"column":33},"skip":true},{"start":{"line":81,"column":20},"end":{"line":83,"column":30},"skip":true},{"start":{"line":84,"column":20},"end":{"line":85,"column":49},"skip":true}]},"10":{"line":89,"type":"switch","locations":[{"start":{"line":90,"column":12},"end":{"line":103,"column":22},"skip":true},{"start":{"line":105,"column":12},"end":{"line":106,"column":22},"skip":true}]},"11":{"line":89,"type":"binary-expr","locations":[{"start":{"line":89,"column":20},"end":{"line":89,"column":25},"skip":true},{"start":{"line":89,"column":29},"end":{"line":89,"column":48},"skip":true},{"start":{"line":89,"column":52},"end":{"line":89,"column":74},"skip":true}]},"12":{"line":92,"type":"if","locations":[{"start":{"line":92,"column":16},"end":{"line":92,"column":16},"skip":true},{"start":{"line":92,"column":16},"end":{"line":92,"column":16},"skip":true}]},"13":{"line":108,"type":"if","locations":[{"start":{"line":108,"column":12},"end":{"line":108,"column":12},"skip":true},{"start":{"line":108,"column":12},"end":{"line":108,"column":12},"skip":true}]},"14":{"line":108,"type":"binary-expr","locations":[{"start":{"line":108,"column":16},"end":{"line":108,"column":61},"skip":true},{"start":{"line":108,"column":66},"end":{"line":108,"column":72},"skip":true},{"start":{"line":108,"column":77},"end":{"line":108,"column":82},"skip":true},{"start":{"line":109,"column":20},"end":{"line":109,"column":39},"skip":true},{"start":{"line":110,"column":20},"end":{"line":110,"column":49},"skip":true},{"start":{"line":111,"column":20},"end":{"line":111,"column":58},"skip":true},{"start":{"line":112,"column":20},"end":{"line":112,"column":68},"skip":true}]},"15":{"line":129,"type":"if","locations":[{"start":{"line":129,"column":16},"end":{"line":129,"column":16},"skip":true},{"start":{"line":129,"column":16},"end":{"line":129,"column":16},"skip":true}]},"16":{"line":134,"type":"cond-expr","locations":[{"start":{"line":135,"column":26},"end":{"line":135,"column":29},"skip":true},{"start":{"line":136,"column":26},"end":{"line":136,"column":54},"skip":true}]},"17":{"line":164,"type":"binary-expr","locations":[{"start":{"line":164,"column":27},"end":{"line":164,"column":43},"skip":true},{"start":{"line":164,"column":47},"end":{"line":164,"column":49},"skip":true}]},"18":{"line":258,"type":"if","locations":[{"start":{"line":258,"column":8},"end":{"line":258,"column":8},"skip":true},{"start":{"line":258,"column":8},"end":{"line":258,"column":8},"skip":true}]},"19":{"line":275,"type":"switch","locations":[{"start":{"line":276,"column":20},"end":{"line":277,"column":64},"skip":true},{"start":{"line":278,"column":20},"end":{"line":279,"column":40},"skip":true},{"start":{"line":280,"column":20},"end":{"line":281,"column":40},"skip":true},{"start":{"line":282,"column":20},"end":{"line":283,"column":39},"skip":true}]},"20":{"line":288,"type":"if","locations":[{"start":{"line":288,"column":8},"end":{"line":288,"column":8},"skip":true},{"start":{"line":288,"column":8},"end":{"line":288,"column":8},"skip":true}]},"21":{"line":288,"type":"binary-expr","locations":[{"start":{"line":288,"column":12},"end":{"line":288,"column":40},"skip":true},{"start":{"line":288,"column":44},"end":{"line":288,"column":67},"skip":true}]},"22":{"line":292,"type":"binary-expr","locations":[{"start":{"line":292,"column":12},"end":{"line":292,"column":50},"skip":true},{"start":{"line":293,"column":12},"end":{"line":293,"column":53},"skip":true}]},"23":{"line":297,"type":"binary-expr","locations":[{"start":{"line":297,"column":12},"end":{"line":297,"column":70},"skip":true},{"start":{"line":298,"column":12},"end":{"line":301,"column":36},"skip":true}]},"24":{"line":303,"type":"binary-expr","locations":[{"start":{"line":303,"column":43},"end":{"line":303,"column":75},"skip":true},{"start":{"line":303,"column":79},"end":{"line":303,"column":81},"skip":true}]},"25":{"line":306,"type":"if","locations":[{"start":{"line":306,"column":8},"end":{"line":306,"column":8},"skip":true},{"start":{"line":306,"column":8},"end":{"line":306,"column":8},"skip":true}]},"26":{"line":310,"type":"if","locations":[{"start":{"line":310,"column":8},"end":{"line":310,"column":8},"skip":true},{"start":{"line":310,"column":8},"end":{"line":310,"column":8},"skip":true}]},"27":{"line":313,"type":"binary-expr","locations":[{"start":{"line":313,"column":27},"end":{"line":313,"column":43},"skip":true},{"start":{"line":313,"column":47},"end":{"line":313,"column":53},"skip":true}]},"28":{"line":317,"type":"if","locations":[{"start":{"line":317,"column":12},"end":{"line":317,"column":12},"skip":true},{"start":{"line":317,"column":12},"end":{"line":317,"column":12},"skip":true}]}},"code":["/*","example.js","","quickstart example","","instruction","    1. save this script as example.js","    2. run the shell command:","        $ npm install npmtest-packagecheck && PORT=8081 node example.js","    3. play with the browser-demo on http://127.0.0.1:8081","*/","","","","/* istanbul instrument in package npmtest_packagecheck */","/*jslint","    bitwise: true,","    browser: true,","    maxerr: 8,","    maxlen: 96,","    node: true,","    nomen: true,","    regexp: true,","    stupid: true","*/","(function () {","    'use strict';","    var local;","","","","    // run shared js-env code - pre-init","    (function () {","        // init local","        local = {};","        // init modeJs","        local.modeJs = (function () {","            try {","                return typeof navigator.userAgent === 'string' &&","                    typeof document.querySelector('body') === 'object' &&","                    typeof XMLHttpRequest.prototype.open === 'function' &&","                    'browser';","            } catch (errorCaughtBrowser) {","                return module.exports &&","                    typeof process.versions.node === 'string' &&","                    typeof require('http').createServer === 'function' &&","                    'node';","            }","        }());","        // init global","        local.global = local.modeJs === 'browser'","            ? window","            : global;","        // init utility2_rollup","        local = local.global.utility2_rollup || (local.modeJs === 'browser'","            ? local.global.utility2_npmtest_packagecheck","            : global.utility2_moduleExports);","        // export local","        local.global.local = local;","    }());","    switch (local.modeJs) {","","","","    // post-init","    // run browser js-env code - post-init","    /* istanbul ignore next */","    case 'browser':","        local.testRunBrowser = function (event) {","            if (!event || (event &&","                    event.currentTarget &&","                    event.currentTarget.className &&","                    event.currentTarget.className.includes &&","                    event.currentTarget.className.includes('onreset'))) {","                // reset output","                Array.from(","                    document.querySelectorAll('body > .resettable')","                ).forEach(function (element) {","                    switch (element.tagName) {","                    case 'INPUT':","                    case 'TEXTAREA':","                        element.value = '';","                        break;","                    default:","                        element.textContent = '';","                    }","                });","            }","            switch (event && event.currentTarget && event.currentTarget.id) {","            case 'testRunButton1':","                // show tests","                if (document.querySelector('#testReportDiv1').style.display === 'none') {","                    document.querySelector('#testReportDiv1').style.display = 'block';","                    document.querySelector('#testRunButton1').textContent =","                        'hide internal test';","                    local.modeTest = true;","                    local.testRunDefault(local);","                // hide tests","                } else {","                    document.querySelector('#testReportDiv1').style.display = 'none';","                    document.querySelector('#testRunButton1').textContent = 'run internal test';","                }","                break;","            // custom-case","            default:","                break;","            }","            if (document.querySelector('#inputTextareaEval1') && (!event || (event &&","                    event.currentTarget &&","                    event.currentTarget.className &&","                    event.currentTarget.className.includes &&","                    event.currentTarget.className.includes('oneval')))) {","                // try to eval input-code","                try {","                    /*jslint evil: true*/","                    eval(document.querySelector('#inputTextareaEval1').value);","                } catch (errorCaught) {","                    console.error(errorCaught);","                }","            }","        };","        // log stderr and stdout to #outputTextareaStdout1","        ['error', 'log'].forEach(function (key) {","            console[key + '_original'] = console[key];","            console[key] = function () {","                var element;","                console[key + '_original'].apply(console, arguments);","                element = document.querySelector('#outputTextareaStdout1');","                if (!element) {","                    return;","                }","                // append text to #outputTextareaStdout1","                element.value += Array.from(arguments).map(function (arg) {","                    return typeof arg === 'string'","                        ? arg","                        : JSON.stringify(arg, null, 4);","                }).join(' ') + '\\n';","                // scroll textarea to bottom","                element.scrollTop = element.scrollHeight;","            };","        });","        // init event-handling","        ['change', 'click', 'keyup'].forEach(function (event) {","            Array.from(document.querySelectorAll('.on' + event)).forEach(function (element) {","                element.addEventListener(event, local.testRunBrowser);","            });","        });","        // run tests","        local.testRunBrowser();","        break;","","","","    // run node js-env code - post-init","    /* istanbul ignore next */","    case 'node':","        // export local","        module.exports = local;","        // require modules","        local.fs = require('fs');","        local.http = require('http');","        local.url = require('url');","        // init assets","        local.assetsDict = local.assetsDict || {};","        /* jslint-ignore-begin */","        local.assetsDict['/assets.index.template.html'] = '\\","<!doctype html>\\n\\","<html lang=\"en\">\\n\\","<head>\\n\\","<meta charset=\"UTF-8\">\\n\\","<meta name=\"viewport\" content=\"width=device-width, initial-scale=1\">\\n\\","<title>{{env.npm_package_name}} (v{{env.npm_package_version}})</title>\\n\\","<style>\\n\\","/*csslint\\n\\","    box-sizing: false,\\n\\","    universal-selector: false\\n\\","*/\\n\\","* {\\n\\","    box-sizing: border-box;\\n\\","}\\n\\","body {\\n\\","    background: #dde;\\n\\","    font-family: Arial, Helvetica, sans-serif;\\n\\","    margin: 2rem;\\n\\","}\\n\\","body > * {\\n\\","    margin-bottom: 1rem;\\n\\","}\\n\\",".utility2FooterDiv {\\n\\","    margin-top: 20px;\\n\\","    text-align: center;\\n\\","}\\n\\","</style>\\n\\","<style>\\n\\","/*csslint\\n\\","*/\\n\\","textarea {\\n\\","    font-family: monospace;\\n\\","    height: 10rem;\\n\\","    width: 100%;\\n\\","}\\n\\","textarea[readonly] {\\n\\","    background: #ddd;\\n\\","}\\n\\","</style>\\n\\","</head>\\n\\","<body>\\n\\","<!-- utility2-comment\\n\\","<div id=\"ajaxProgressDiv1\" style=\"background: #d00; height: 2px; left: 0; margin: 0; padding: 0; position: fixed; top: 0; transition: background 0.5s, width 1.5s; width: 25%;\"></div>\\n\\","utility2-comment -->\\n\\","<h1>\\n\\","<!-- utility2-comment\\n\\","    <a\\n\\","        {{#if env.npm_package_homepage}}\\n\\","        href=\"{{env.npm_package_homepage}}\"\\n\\","        {{/if env.npm_package_homepage}}\\n\\","        target=\"_blank\"\\n\\","    >\\n\\","utility2-comment -->\\n\\","        {{env.npm_package_name}} (v{{env.npm_package_version}})\\n\\","<!-- utility2-comment\\n\\","    </a>\\n\\","utility2-comment -->\\n\\","</h1>\\n\\","<h3>{{env.npm_package_description}}</h3>\\n\\","<!-- utility2-comment\\n\\","<h4><a download href=\"assets.app.js\">download standalone app</a></h4>\\n\\","<button class=\"onclick onreset\" id=\"testRunButton1\">run internal test</button><br>\\n\\","<div id=\"testReportDiv1\" style=\"display: none;\"></div>\\n\\","utility2-comment -->\\n\\","\\n\\","\\n\\","\\n\\","<label>stderr and stdout</label>\\n\\","<textarea class=\"resettable\" id=\"outputTextareaStdout1\" readonly></textarea>\\n\\","<!-- utility2-comment\\n\\","{{#if isRollup}}\\n\\","<script src=\"assets.app.js\"></script>\\n\\","{{#unless isRollup}}\\n\\","utility2-comment -->\\n\\","<script src=\"assets.utility2.rollup.js\"></script>\\n\\","<script src=\"jsonp.utility2._stateInit?callback=window.utility2._stateInit\"></script>\\n\\","<script src=\"assets.npmtest_packagecheck.rollup.js\"></script>\\n\\","<script src=\"assets.example.js\"></script>\\n\\","<script src=\"assets.test.js\"></script>\\n\\","<!-- utility2-comment\\n\\","{{/if isRollup}}\\n\\","utility2-comment -->\\n\\","<div class=\"utility2FooterDiv\">\\n\\","    [ this app was created with\\n\\","    <a href=\"https://github.com/kaizhu256/node-utility2\" target=\"_blank\">utility2</a>\\n\\","    ]\\n\\","</div>\\n\\","</body>\\n\\","</html>\\n\\","';","        /* jslint-ignore-end */","        if (local.templateRender) {","            local.assetsDict['/'] = local.templateRender(","                local.assetsDict['/assets.index.template.html'],","                {","                    env: local.objectSetDefault(local.env, {","                        npm_package_description: 'the greatest app in the world!',","                        npm_package_name: 'my-app',","                        npm_package_nameAlias: 'my_app',","                        npm_package_version: '0.0.1'","                    })","                }","            );","        } else {","            local.assetsDict['/'] = local.assetsDict['/assets.index.template.html']","                .replace((/\\{\\{env\\.(\\w+?)\\}\\}/g), function (match0, match1) {","                    // jslint-hack","                    String(match0);","                    switch (match1) {","                    case 'npm_package_description':","                        return 'the greatest app in the world!';","                    case 'npm_package_name':","                        return 'my-app';","                    case 'npm_package_nameAlias':","                        return 'my_app';","                    case 'npm_package_version':","                        return '0.0.1';","                    }","                });","        }","        // run the cli","        if (local.global.utility2_rollup || module !== require.main) {","            break;","        }","        local.assetsDict['/assets.example.js'] =","            local.assetsDict['/assets.example.js'] ||","            local.fs.readFileSync(__filename, 'utf8');","        // bug-workaround - long $npm_package_buildCustomOrg","        /* jslint-ignore-begin */","        local.assetsDict['/assets.npmtest_packagecheck.rollup.js'] =","            local.assetsDict['/assets.npmtest_packagecheck.rollup.js'] ||","            local.fs.readFileSync(","                local.npmtest_packagecheck.__dirname + '/lib.npmtest_packagecheck.js',","                'utf8'","            ).replace((/^#!/), '//');","        /* jslint-ignore-end */","        local.assetsDict['/favicon.ico'] = local.assetsDict['/favicon.ico'] || '';","        // if $npm_config_timeout_exit exists,","        // then exit this process after $npm_config_timeout_exit ms","        if (Number(process.env.npm_config_timeout_exit)) {","            setTimeout(process.exit, Number(process.env.npm_config_timeout_exit));","        }","        // start server","        if (local.global.utility2_serverHttp1) {","            break;","        }","        process.env.PORT = process.env.PORT || '8081';","        console.error('server starting on port ' + process.env.PORT);","        local.http.createServer(function (request, response) {","            request.urlParsed = local.url.parse(request.url);","            if (local.assetsDict[request.urlParsed.pathname] !== undefined) {","                response.end(local.assetsDict[request.urlParsed.pathname]);","                return;","            }","            response.statusCode = 404;","            response.end();","        }).listen(process.env.PORT);","        break;","    }","}());",""],"l":{"26":2,"28":2,"33":2,"35":2,"37":2,"38":2,"39":2,"44":1,"51":2,"55":2,"59":2,"61":2,"69":1,"70":2,"76":2,"79":2,"82":2,"83":2,"85":1,"89":2,"92":1,"93":1,"94":1,"96":1,"97":1,"100":1,"101":1,"103":1,"106":1,"108":2,"114":1,"116":1,"118":1,"123":1,"124":2,"125":2,"126":3,"127":3,"128":3,"129":3,"130":1,"133":3,"134":3,"139":3,"143":1,"144":3,"145":1,"149":1,"150":1,"158":1,"160":1,"161":1,"162":1,"164":1,"166":1,"258":1,"259":1,"271":1,"274":6,"275":6,"277":1,"279":2,"281":1,"283":2,"288":1,"289":1,"291":1,"296":1,"303":1,"306":1,"307":1,"310":1,"311":1,"313":1,"314":1,"315":1,"316":1,"317":1,"318":1,"319":1,"321":1,"322":1,"324":1}},"/home/travis/build/npmtest/node-npmtest-packagecheck/node_modules/packagecheck/index.js":{"path":"/home/travis/build/npmtest/node-npmtest-packagecheck/node_modules/packagecheck/index.js","s":{"1":1,"2":1,"3":1,"4":1,"5":1,"6":1,"7":1,"8":1,"9":1,"10":1,"11":1,"12":0,"13":0,"14":0,"15":1,"16":0,"17":0,"18":1,"19":1,"20":1,"21":1,"22":0,"23":0,"24":0,"25":0,"26":1,"27":1,"28":0,"29":1,"30":1,"31":0,"32":0,"33":0,"34":0,"35":0,"36":0,"37":0,"38":0,"39":0,"40":0,"41":0,"42":0,"43":0,"44":0,"45":0,"46":0,"47":0,"48":0,"49":0,"50":0,"51":0,"52":0,"53":0,"54":0,"55":0,"56":0,"57":0,"58":0,"59":0,"60":0,"61":0,"62":0,"63":0,"64":0,"65":0,"66":0,"67":0},"b":{"1":[0,1],"2":[0,1],"3":[1,1],"4":[0,1],"5":[1,1],"6":[0,1],"7":[1,1],"8":[0,1],"9":[0,0],"10":[0,1],"11":[0,0],"12":[0,0],"13":[0,0],"14":[0,0],"15":[0,0],"16":[0,0],"17":[0,0],"18":[0,0],"19":[0,0],"20":[0,0],"21":[0,0]},"f":{"1":0,"2":0,"3":1,"4":0,"5":0,"6":0},"fnMap":{"1":{"name":"help","line":19,"loc":{"start":{"line":19,"column":0},"end":{"line":19,"column":16}}},"2":{"name":"(anonymous_2)","line":62,"loc":{"start":{"line":62,"column":33},"end":{"line":62,"column":58}}},"3":{"name":"(anonymous_3)","line":71,"loc":{"start":{"line":71,"column":7},"end":{"line":71,"column":17}}},"4":{"name":"(anonymous_4)","line":95,"loc":{"start":{"line":95,"column":20},"end":{"line":95,"column":37}}},"5":{"name":"(anonymous_5)","line":97,"loc":{"start":{"line":97,"column":25},"end":{"line":97,"column":44}}},"6":{"name":"(anonymous_6)","line":98,"loc":{"start":{"line":98,"column":40},"end":{"line":98,"column":55}}}},"statementMap":{"1":{"start":{"line":3,"column":0},"end":{"line":3,"column":23}},"2":{"start":{"line":4,"column":0},"end":{"line":4,"column":27}},"3":{"start":{"line":5,"column":0},"end":{"line":5,"column":27}},"4":{"start":{"line":6,"column":0},"end":{"line":6,"column":39}},"5":{"start":{"line":7,"column":0},"end":{"line":7,"column":44}},"6":{"start":{"line":9,"column":0},"end":{"line":11,"column":1}},"7":{"start":{"line":13,"column":0},"end":{"line":13,"column":68}},"8":{"start":{"line":15,"column":0},"end":{"line":15,"column":31}},"9":{"start":{"line":16,"column":0},"end":{"line":16,"column":31}},"10":{"start":{"line":17,"column":0},"end":{"line":17,"column":23}},"11":{"start":{"line":19,"column":0},"end":{"line":45,"column":1}},"12":{"start":{"line":21,"column":2},"end":{"line":41,"column":15}},"13":{"start":{"line":43,"column":2},"end":{"line":43,"column":20}},"14":{"start":{"line":44,"column":2},"end":{"line":44,"column":18}},"15":{"start":{"line":47,"column":0},"end":{"line":50,"column":1}},"16":{"start":{"line":48,"column":2},"end":{"line":48,"column":9}},"17":{"start":{"line":49,"column":2},"end":{"line":49,"column":18}},"18":{"start":{"line":54,"column":0},"end":{"line":54,"column":62}},"19":{"start":{"line":55,"column":0},"end":{"line":55,"column":50}},"20":{"start":{"line":56,"column":0},"end":{"line":56,"column":52}},"21":{"start":{"line":58,"column":0},"end":{"line":149,"column":1}},"22":{"start":{"line":62,"column":2},"end":{"line":65,"column":5}},"23":{"start":{"line":63,"column":4},"end":{"line":63,"column":27}},"24":{"start":{"line":63,"column":15},"end":{"line":63,"column":27}},"25":{"start":{"line":64,"column":4},"end":{"line":64,"column":67}},"26":{"start":{"line":71,"column":2},"end":{"line":148,"column":5}},"27":{"start":{"line":73,"column":4},"end":{"line":74,"column":57}},"28":{"start":{"line":74,"column":6},"end":{"line":74,"column":57}},"29":{"start":{"line":76,"column":4},"end":{"line":81,"column":16}},"30":{"start":{"line":77,"column":6},"end":{"line":77,"column":67}},"31":{"start":{"line":78,"column":6},"end":{"line":79,"column":124}},"32":{"start":{"line":79,"column":8},"end":{"line":79,"column":124}},"33":{"start":{"line":83,"column":4},"end":{"line":84,"column":22}},"34":{"start":{"line":84,"column":6},"end":{"line":84,"column":22}},"35":{"start":{"line":88,"column":4},"end":{"line":88,"column":24}},"36":{"start":{"line":89,"column":4},"end":{"line":91,"column":5}},"37":{"start":{"line":90,"column":6},"end":{"line":90,"column":24}},"38":{"start":{"line":95,"column":4},"end":{"line":147,"column":7}},"39":{"start":{"line":97,"column":6},"end":{"line":108,"column":7}},"40":{"start":{"line":98,"column":8},"end":{"line":107,"column":11}},"41":{"start":{"line":99,"column":10},"end":{"line":99,"column":59}},"42":{"start":{"line":100,"column":10},"end":{"line":106,"column":11}},"43":{"start":{"line":101,"column":12},"end":{"line":101,"column":72}},"44":{"start":{"line":102,"column":12},"end":{"line":105,"column":13}},"45":{"start":{"line":104,"column":14},"end":{"line":104,"column":35}},"46":{"start":{"line":110,"column":6},"end":{"line":110,"column":42}},"47":{"start":{"line":111,"column":6},"end":{"line":111,"column":58}},"48":{"start":{"line":112,"column":6},"end":{"line":112,"column":54}},"49":{"start":{"line":117,"column":6},"end":{"line":117,"column":25}},"50":{"start":{"line":118,"column":6},"end":{"line":120,"column":7}},"51":{"start":{"line":119,"column":9},"end":{"line":119,"column":38}},"52":{"start":{"line":121,"column":6},"end":{"line":121,"column":25}},"53":{"start":{"line":123,"column":6},"end":{"line":146,"column":7}},"54":{"start":{"line":125,"column":8},"end":{"line":125,"column":59}},"55":{"start":{"line":126,"column":8},"end":{"line":133,"column":9}},"56":{"start":{"line":127,"column":10},"end":{"line":127,"column":37}},"57":{"start":{"line":130,"column":10},"end":{"line":130,"column":67}},"58":{"start":{"line":131,"column":10},"end":{"line":131,"column":26}},"59":{"start":{"line":132,"column":10},"end":{"line":132,"column":26}},"60":{"start":{"line":135,"column":11},"end":{"line":146,"column":7}},"61":{"start":{"line":136,"column":8},"end":{"line":136,"column":31}},"62":{"start":{"line":138,"column":11},"end":{"line":146,"column":7}},"63":{"start":{"line":139,"column":8},"end":{"line":139,"column":29}},"64":{"start":{"line":142,"column":8},"end":{"line":142,"column":53}},"65":{"start":{"line":143,"column":8},"end":{"line":143,"column":24}},"66":{"start":{"line":144,"column":8},"end":{"line":144,"column":15}},"67":{"start":{"line":145,"column":8},"end":{"line":145,"column":24}}},"branchMap":{"1":{"line":47,"type":"if","locations":[{"start":{"line":47,"column":0},"end":{"line":47,"column":0}},{"start":{"line":47,"column":0},"end":{"line":47,"column":0}}]},"2":{"line":54,"type":"cond-expr","locations":[{"start":{"line":54,"column":49},"end":{"line":54,"column":53}},{"start":{"line":54,"column":56},"end":{"line":54,"column":61}}]},"3":{"line":54,"type":"binary-expr","locations":[{"start":{"line":54,"column":17},"end":{"line":54,"column":35}},{"start":{"line":54,"column":39},"end":{"line":54,"column":45}}]},"4":{"line":55,"type":"cond-expr","locations":[{"start":{"line":55,"column":37},"end":{"line":55,"column":41}},{"start":{"line":55,"column":44},"end":{"line":55,"column":49}}]},"5":{"line":55,"type":"binary-expr","locations":[{"start":{"line":55,"column":11},"end":{"line":55,"column":23}},{"start":{"line":55,"column":27},"end":{"line":55,"column":33}}]},"6":{"line":56,"type":"cond-expr","locations":[{"start":{"line":56,"column":39},"end":{"line":56,"column":43}},{"start":{"line":56,"column":46},"end":{"line":56,"column":51}}]},"7":{"line":56,"type":"binary-expr","locations":[{"start":{"line":56,"column":12},"end":{"line":56,"column":25}},{"start":{"line":56,"column":29},"end":{"line":56,"column":35}}]},"8":{"line":58,"type":"if","locations":[{"start":{"line":58,"column":0},"end":{"line":58,"column":0}},{"start":{"line":58,"column":0},"end":{"line":58,"column":0}}]},"9":{"line":63,"type":"if","locations":[{"start":{"line":63,"column":4},"end":{"line":63,"column":4}},{"start":{"line":63,"column":4},"end":{"line":63,"column":4}}]},"10":{"line":73,"type":"if","locations":[{"start":{"line":73,"column":4},"end":{"line":73,"column":4}},{"start":{"line":73,"column":4},"end":{"line":73,"column":4}}]},"11":{"line":78,"type":"if","locations":[{"start":{"line":78,"column":6},"end":{"line":78,"column":6}},{"start":{"line":78,"column":6},"end":{"line":78,"column":6}}]},"12":{"line":83,"type":"if","locations":[{"start":{"line":83,"column":4},"end":{"line":83,"column":4}},{"start":{"line":83,"column":4},"end":{"line":83,"column":4}}]},"13":{"line":89,"type":"if","locations":[{"start":{"line":89,"column":4},"end":{"line":89,"column":4}},{"start":{"line":89,"column":4},"end":{"line":89,"column":4}}]},"14":{"line":100,"type":"if","locations":[{"start":{"line":100,"column":10},"end":{"line":100,"column":10}},{"start":{"line":100,"column":10},"end":{"line":100,"column":10}}]},"15":{"line":102,"type":"if","locations":[{"start":{"line":102,"column":12},"end":{"line":102,"column":12}},{"start":{"line":102,"column":12},"end":{"line":102,"column":12}}]},"16":{"line":118,"type":"binary-expr","locations":[{"start":{"line":118,"column":13},"end":{"line":118,"column":54}},{"start":{"line":118,"column":58},"end":{"line":118,"column":69}}]},"17":{"line":123,"type":"if","locations":[{"start":{"line":123,"column":6},"end":{"line":123,"column":6}},{"start":{"line":123,"column":6},"end":{"line":123,"column":6}}]},"18":{"line":126,"type":"if","locations":[{"start":{"line":126,"column":8},"end":{"line":126,"column":8}},{"start":{"line":126,"column":8},"end":{"line":126,"column":8}}]},"19":{"line":126,"type":"binary-expr","locations":[{"start":{"line":126,"column":12},"end":{"line":126,"column":39}},{"start":{"line":126,"column":43},"end":{"line":126,"column":82}}]},"20":{"line":135,"type":"if","locations":[{"start":{"line":135,"column":11},"end":{"line":135,"column":11}},{"start":{"line":135,"column":11},"end":{"line":135,"column":11}}]},"21":{"line":138,"type":"if","locations":[{"start":{"line":138,"column":11},"end":{"line":138,"column":11}},{"start":{"line":138,"column":11},"end":{"line":138,"column":11}}]}},"code":["//#! /usr/bin/env node","","var fs = require('fs');","var path = require('path');","var sync = require('sync');","var selfupdate = require('selfupdate');","var packageJSON = require('./package.json');","","var minimistOpts = {","   boolean: ['u','v','w', 'unconstrained', 'verbose', 'warnings']","}","","var argv = require('minimist')(process.argv.slice(2), minimistOpts);","","Version = require('./version');","Package = require('./package');","Npm = require('./npm');","","function help() {","","  var help = [","    \"Usage: packagecheck [-uvw] [--unconstrained] [--verbose] [--warnings] [path] ...\",","    \"       packagecheck --version\",","    \"       packagecheck --selfupdate\",","    \"\",","    \"Checks to see if package dependencies used by a Meteor package are up-to-date.\",","    \"\",","    \"With no arguments, 'packagecheck' will check the current directory, which can \",","    \"either be a single package, a Meteor 'packages' directory or a Meteor project \",","    \"directory (in the latter two cases all the individual packages will be checked).\",","    \"\",","    \"Alternatively you may pass in paths to either individual packages, \",","    \"'packages' directories or Meteor project directories.\",","    \"\",","    \"The following options are available:\",","    \"\",","    \"  -u, --unconstrained   Always warn about use of unconstrained dependencies.\",","    \"  -v, --verbose         Display output for all dependencies, even if they are up-to-date.\",","    \"  -w, --warnings        Warn about use of deprecated declarations etc.\",","    \"\"","  ].join('\\n');","","  console.log(help);","  process.exit(0);","}","","if (argv.help == true) {","  help();","  process.exit(0);","}","","// Flags","","unconstrained = (argv.unconstrained || argv.u) ? true : false;","verbose = (argv.verbose || argv.v) ? true : false;","warnings = (argv.warnings || argv.w) ? true : false;","","if (argv.selfupdate) {","","  // Do a self update if requested","","  selfupdate.update(packageJSON, function(error, version) {","    if (error) throw error;","    console.log('packagecheck was updated to version: ' + version);","  });","}","else {","","  // We use sync to check for updates, then continue with main function","","  sync(function(){","","    if (argv.version == true)","      console.log('PackageCheck ' + packageJSON.version);","","    try {","      var isUpdated = selfupdate.isUpdated.sync(null, packageJSON);","      if (!isUpdated)","        console.log(\"There is a new version of packagecheck available. Please run 'packagecheck --selfupdate' to upgrade.\");","    }","    catch (e) {}","","    if (argv.version == true)","      process.exit(0);","","    // Get the list of folders passed to the command, or just use the current folder otherwise","","    var folders = argv._","    if (folders.length == 0) {","      folders = [ '.' ];","    }","","    // Check each folder","","    folders.forEach(function(folder) {","","      var scanPackages = function(absolute) {","        fs.readdirSync(absolute).filter(function(file) {","          var potentialPackage = path.join(absolute, file);","          if (fs.statSync(potentialPackage).isDirectory()) {","            var packagePath = path.join(potentialPackage, 'package.js');","            if (fs.existsSync(packagePath)) {","              // This is a package folder, we just check this package","              require(packagePath);","            }","          }","        });","      }","","      var absolute = path.resolve(folder);","      var packagePath = path.join(absolute, 'package.js');","      var meteorPath = path.join(absolute, '.meteor');","","      // We change the processes working directory to the root project directory.","      // Some plugins expect this (such as meteorhacks:npm), and so does our code.","","      cwd = process.cwd()","      while (!fs.existsSync(path.join(cwd, '.meteor')) && cwd !== \"/\") {","         cwd = path.resolve(cwd, '..')","      }","      process.chdir(cwd);","","      if (fs.existsSync(meteorPath)) {","        // We're in a Meteor project directy - check the packages folder","        var packagesPath = path.join(absolute, 'packages');","        if (fs.existsSync(packagesPath) && fs.statSync(packagesPath).isDirectory()) {","          scanPackages(packagesPath);","        }","        else {","          console.log('No packages folder found in this project.');","          console.log('');","          process.exit(1);","        }","      }","      else if (path.basename(absolute) === \"packages\") {","        scanPackages(absolute);","      }","      else if (fs.existsSync(packagePath)) {","        require(packagePath);","      }","      else {","        console.log('Unable to open ' + packagePath);","        console.log('');","        help();","        process.exit(1);","      }","    });","  });","}",""],"l":{"3":1,"4":1,"5":1,"6":1,"7":1,"9":1,"13":1,"15":1,"16":1,"17":1,"19":1,"21":0,"43":0,"44":0,"47":1,"48":0,"49":0,"54":1,"55":1,"56":1,"58":1,"62":0,"63":0,"64":0,"71":1,"73":1,"74":0,"76":1,"77":1,"78":0,"79":0,"83":0,"84":0,"88":0,"89":0,"90":0,"95":0,"97":0,"98":0,"99":0,"100":0,"101":0,"102":0,"104":0,"110":0,"111":0,"112":0,"117":0,"118":0,"119":0,"121":0,"123":0,"125":0,"126":0,"127":0,"130":0,"131":0,"132":0,"135":0,"136":0,"138":0,"139":0,"142":0,"143":0,"144":0,"145":0}},"/home/travis/build/npmtest/node-npmtest-packagecheck/node_modules/packagecheck/version.js":{"path":"/home/travis/build/npmtest/node-npmtest-packagecheck/node_modules/packagecheck/version.js","s":{"1":1,"2":1,"3":1,"4":1,"5":1,"6":1,"7":0,"8":0,"9":0,"10":0,"11":0,"12":0,"13":0,"14":0,"15":0,"16":0,"17":0,"18":0,"19":0,"20":0,"21":0,"22":0,"23":0,"24":1,"25":0,"26":0,"27":0,"28":0,"29":0,"30":0,"31":0,"32":0,"33":0,"34":0,"35":0,"36":1},"b":{"1":[0,0],"2":[0,0],"3":[0,0],"4":[0,0],"5":[0,0],"6":[0,0],"7":[0,0],"8":[0,0]},"f":{"1":0,"2":0,"3":0,"4":0},"fnMap":{"1":{"name":"(anonymous_1)","line":11,"loc":{"start":{"line":11,"column":20},"end":{"line":11,"column":42}}},"2":{"name":"(anonymous_2)","line":43,"loc":{"start":{"line":43,"column":47},"end":{"line":43,"column":62}}},"3":{"name":"(anonymous_3)","line":52,"loc":{"start":{"line":52,"column":25},"end":{"line":52,"column":47}}},"4":{"name":"(anonymous_4)","line":63,"loc":{"start":{"line":63,"column":18},"end":{"line":63,"column":33}}}},"statementMap":{"1":{"start":{"line":1,"column":0},"end":{"line":1,"column":23}},"2":{"start":{"line":2,"column":0},"end":{"line":2,"column":32}},"3":{"start":{"line":3,"column":0},"end":{"line":3,"column":28}},"4":{"start":{"line":5,"column":0},"end":{"line":5,"column":12}},"5":{"start":{"line":7,"column":0},"end":{"line":7,"column":19}},"6":{"start":{"line":11,"column":0},"end":{"line":48,"column":1}},"7":{"start":{"line":15,"column":2},"end":{"line":17,"column":3}},"8":{"start":{"line":16,"column":4},"end":{"line":16,"column":39}},"9":{"start":{"line":22,"column":2},"end":{"line":22,"column":50}},"10":{"start":{"line":24,"column":2},"end":{"line":47,"column":3}},"11":{"start":{"line":25,"column":4},"end":{"line":25,"column":25}},"12":{"start":{"line":28,"column":4},"end":{"line":28,"column":41}},"13":{"start":{"line":29,"column":4},"end":{"line":29,"column":16}},"14":{"start":{"line":30,"column":4},"end":{"line":30,"column":22}},"15":{"start":{"line":33,"column":4},"end":{"line":33,"column":71}},"16":{"start":{"line":36,"column":4},"end":{"line":39,"column":5}},"17":{"start":{"line":37,"column":6},"end":{"line":37,"column":26}},"18":{"start":{"line":38,"column":6},"end":{"line":38,"column":12}},"19":{"start":{"line":42,"column":4},"end":{"line":46,"column":5}},"20":{"start":{"line":43,"column":6},"end":{"line":43,"column":89}},"21":{"start":{"line":43,"column":64},"end":{"line":43,"column":82}},"22":{"start":{"line":44,"column":6},"end":{"line":44,"column":50}},"23":{"start":{"line":45,"column":6},"end":{"line":45,"column":27}},"24":{"start":{"line":52,"column":0},"end":{"line":76,"column":1}},"25":{"start":{"line":56,"column":2},"end":{"line":73,"column":3}},"26":{"start":{"line":58,"column":4},"end":{"line":58,"column":22}},"27":{"start":{"line":60,"column":4},"end":{"line":60,"column":78}},"28":{"start":{"line":61,"column":4},"end":{"line":61,"column":36}},"29":{"start":{"line":63,"column":4},"end":{"line":72,"column":7}},"30":{"start":{"line":65,"column":6},"end":{"line":65,"column":40}},"31":{"start":{"line":66,"column":6},"end":{"line":66,"column":69}},"32":{"start":{"line":67,"column":6},"end":{"line":67,"column":32}},"33":{"start":{"line":69,"column":6},"end":{"line":70,"column":36}},"34":{"start":{"line":70,"column":8},"end":{"line":70,"column":36}},"35":{"start":{"line":75,"column":2},"end":{"line":75,"column":35}},"36":{"start":{"line":78,"column":0},"end":{"line":78,"column":25}}},"branchMap":{"1":{"line":15,"type":"if","locations":[{"start":{"line":15,"column":2},"end":{"line":15,"column":2}},{"start":{"line":15,"column":2},"end":{"line":15,"column":2}}]},"2":{"line":24,"type":"if","locations":[{"start":{"line":24,"column":2},"end":{"line":24,"column":2}},{"start":{"line":24,"column":2},"end":{"line":24,"column":2}}]},"3":{"line":33,"type":"binary-expr","locations":[{"start":{"line":33,"column":11},"end":{"line":33,"column":29}},{"start":{"line":33,"column":33},"end":{"line":33,"column":68}}]},"4":{"line":36,"type":"binary-expr","locations":[{"start":{"line":36,"column":11},"end":{"line":36,"column":29}},{"start":{"line":36,"column":33},"end":{"line":36,"column":50}}]},"5":{"line":42,"type":"if","locations":[{"start":{"line":42,"column":4},"end":{"line":42,"column":4}},{"start":{"line":42,"column":4},"end":{"line":42,"column":4}}]},"6":{"line":56,"type":"if","locations":[{"start":{"line":56,"column":2},"end":{"line":56,"column":2}},{"start":{"line":56,"column":2},"end":{"line":56,"column":2}}]},"7":{"line":66,"type":"cond-expr","locations":[{"start":{"line":66,"column":47},"end":{"line":66,"column":61}},{"start":{"line":66,"column":64},"end":{"line":66,"column":68}}]},"8":{"line":69,"type":"if","locations":[{"start":{"line":69,"column":6},"end":{"line":69,"column":6}},{"start":{"line":69,"column":6},"end":{"line":69,"column":6}}]}},"code":["var fs = require('fs');","var exec = require('sync-exec');","var EOL = require('os').EOL;","","Version = {}","","Version.latest = {}","","// Get the latest version of a given package","","Version.getLatest = function(packageName) {","","  // Check to see if we've cached this result","","  if (Version.latest[packageName]) {","    return Version.latest[packageName];","  }","","  // Rather than reimplement Meteor's entire package database mechanism in order","  // to get the latest versions, we simply call out to Meteor's command line.","","  var result = exec('meteor show ' + packageName);","","  if (result.status != 0) {","    throw(result.stderr);","  }","  else {","    var lines = result.stdout.split(EOL);","    var idx = 0;","    var latest = null;","","    // Find the list of recent versions","    while (idx < lines.length && lines[idx++] !== 'Recent versions:') ;","","    // Get the last line in this list","    while (idx < lines.length && lines[idx] !== '') {","      latest = lines[idx];","      idx++;","    }","","    // If we have a line, get the version and test","    if (latest !== null) {","      latestVersion = latest.split(' ').filter(function(item) { return item != ''; })[0];","      Version.latest[packageName] = latestVersion;","      return latestVersion;","    }","  }","}","","// Get the version of the given package that's actually used by the project","","Version.getVersionUsed = function(packageName) {","","  // Cached the used version info if we haven't already done so","","  if (typeof Version.used === 'undefined') {","","    Version.used = {};","","    var versions = fs.readFileSync(\".meteor/versions\", { encoding: 'utf-8' });","    var lines = versions.split(EOL);","","    lines.forEach(function(line) {","","      var splitString = line.split('@');","      var version = (splitString.length > 1) ? splitString[1] : null;","      var name = splitString[0];","","      if (version)","        Version.used[name] = version","","    });","  }","","  return Version.used[packageName];","}","","module.exports = Version;",""],"l":{"1":1,"2":1,"3":1,"5":1,"7":1,"11":1,"15":0,"16":0,"22":0,"24":0,"25":0,"28":0,"29":0,"30":0,"33":0,"36":0,"37":0,"38":0,"42":0,"43":0,"44":0,"45":0,"52":1,"56":0,"58":0,"60":0,"61":0,"63":0,"65":0,"66":0,"67":0,"69":0,"70":0,"75":0,"78":1}},"/home/travis/build/npmtest/node-npmtest-packagecheck/node_modules/packagecheck/package.js":{"path":"/home/travis/build/npmtest/node-npmtest-packagecheck/node_modules/packagecheck/package.js","s":{"1":1,"2":1,"3":0,"4":0,"5":0,"6":0,"7":0,"8":0,"9":0,"10":0,"11":0,"12":0,"13":0,"14":0,"15":0,"16":0,"17":0,"18":0,"19":0,"20":0,"21":0,"22":0,"23":0,"24":0,"25":0,"26":0,"27":0,"28":0,"29":0,"30":0,"31":0,"32":0,"33":0,"34":0,"35":0,"36":1,"37":0,"38":0,"39":0,"40":0,"41":0,"42":0,"43":0,"44":0,"45":0,"46":0,"47":0,"48":1,"49":0,"50":0,"51":0,"52":0,"53":0,"54":0,"55":0,"56":0,"57":0,"58":0,"59":0,"60":0,"61":0,"62":0,"63":0,"64":0,"65":0,"66":0,"67":0,"68":0,"69":0,"70":1},"b":{"1":[0,0],"2":[0,0],"3":[0,0],"4":[0,0],"5":[0,0],"6":[0,0],"7":[0,0,0],"8":[0,0],"9":[0,0],"10":[0,0],"11":[0,0],"12":[0,0],"13":[0,0],"14":[0,0],"15":[0,0],"16":[0,0],"17":[0,0],"18":[0,0],"19":[0,0],"20":[0,0]},"f":{"1":0,"2":0,"3":0,"4":0,"5":0,"6":0,"7":0,"8":0,"9":0,"10":0,"11":0,"12":0,"13":0,"14":0,"15":0,"16":0},"fnMap":{"1":{"name":"(anonymous_1)","line":7,"loc":{"start":{"line":7,"column":19},"end":{"line":7,"column":47}}},"2":{"name":"(anonymous_2)","line":75,"loc":{"start":{"line":75,"column":16},"end":{"line":75,"column":27}}},"3":{"name":"(anonymous_3)","line":77,"loc":{"start":{"line":77,"column":9},"end":{"line":77,"column":20}}},"4":{"name":"(anonymous_4)","line":79,"loc":{"start":{"line":79,"column":10},"end":{"line":79,"column":21}}},"5":{"name":"(anonymous_5)","line":81,"loc":{"start":{"line":81,"column":12},"end":{"line":81,"column":23}}},"6":{"name":"(anonymous_6)","line":83,"loc":{"start":{"line":83,"column":13},"end":{"line":83,"column":24}}},"7":{"name":"(anonymous_7)","line":85,"loc":{"start":{"line":85,"column":13},"end":{"line":85,"column":24}}},"8":{"name":"(anonymous_8)","line":87,"loc":{"start":{"line":87,"column":14},"end":{"line":87,"column":25}}},"9":{"name":"(anonymous_9)","line":91,"loc":{"start":{"line":91,"column":7},"end":{"line":91,"column":36}}},"10":{"name":"(anonymous_10)","line":97,"loc":{"start":{"line":97,"column":33},"end":{"line":97,"column":61}}},"11":{"name":"(anonymous_11)","line":118,"loc":{"start":{"line":118,"column":12},"end":{"line":118,"column":34}}},"12":{"name":"(anonymous_12)","line":129,"loc":{"start":{"line":129,"column":9},"end":{"line":129,"column":22}}},"13":{"name":"(anonymous_13)","line":134,"loc":{"start":{"line":134,"column":10},"end":{"line":134,"column":23}}},"14":{"name":"(anonymous_14)","line":140,"loc":{"start":{"line":140,"column":10},"end":{"line":140,"column":23}}},"15":{"name":"(anonymous_15)","line":145,"loc":{"start":{"line":145,"column":11},"end":{"line":145,"column":24}}},"16":{"name":"(anonymous_16)","line":151,"loc":{"start":{"line":151,"column":23},"end":{"line":151,"column":45}}}},"statementMap":{"1":{"start":{"line":1,"column":0},"end":{"line":1,"column":57}},"2":{"start":{"line":7,"column":0},"end":{"line":67,"column":2}},"3":{"start":{"line":9,"column":2},"end":{"line":9,"column":49}},"4":{"start":{"line":10,"column":2},"end":{"line":10,"column":35}},"5":{"start":{"line":11,"column":2},"end":{"line":11,"column":65}},"6":{"start":{"line":13,"column":2},"end":{"line":64,"column":3}},"7":{"start":{"line":17,"column":4},"end":{"line":36,"column":5}},"8":{"start":{"line":18,"column":6},"end":{"line":18,"column":57}},"9":{"start":{"line":19,"column":6},"end":{"line":30,"column":7}},"10":{"start":{"line":20,"column":8},"end":{"line":26,"column":9}},"11":{"start":{"line":21,"column":10},"end":{"line":21,"column":122}},"12":{"start":{"line":22,"column":10},"end":{"line":22,"column":22}},"13":{"start":{"line":23,"column":15},"end":{"line":26,"column":9}},"14":{"start":{"line":24,"column":10},"end":{"line":24,"column":85}},"15":{"start":{"line":25,"column":10},"end":{"line":25,"column":22}},"16":{"start":{"line":28,"column":8},"end":{"line":28,"column":132}},"17":{"start":{"line":29,"column":8},"end":{"line":29,"column":20}},"18":{"start":{"line":34,"column":6},"end":{"line":34,"column":21}},"19":{"start":{"line":35,"column":6},"end":{"line":35,"column":18}},"20":{"start":{"line":41,"column":4},"end":{"line":41,"column":51}},"21":{"start":{"line":43,"column":4},"end":{"line":63,"column":5}},"22":{"start":{"line":44,"column":6},"end":{"line":44,"column":57}},"23":{"start":{"line":46,"column":6},"end":{"line":57,"column":7}},"24":{"start":{"line":47,"column":8},"end":{"line":53,"column":9}},"25":{"start":{"line":48,"column":10},"end":{"line":48,"column":149}},"26":{"start":{"line":49,"column":10},"end":{"line":49,"column":22}},"27":{"start":{"line":50,"column":15},"end":{"line":53,"column":9}},"28":{"start":{"line":51,"column":10},"end":{"line":51,"column":133}},"29":{"start":{"line":52,"column":10},"end":{"line":52,"column":22}},"30":{"start":{"line":54,"column":13},"end":{"line":57,"column":7}},"31":{"start":{"line":55,"column":8},"end":{"line":55,"column":135}},"32":{"start":{"line":56,"column":8},"end":{"line":56,"column":20}},"33":{"start":{"line":61,"column":6},"end":{"line":61,"column":21}},"34":{"start":{"line":62,"column":6},"end":{"line":62,"column":18}},"35":{"start":{"line":66,"column":2},"end":{"line":66,"column":15}},"36":{"start":{"line":71,"column":0},"end":{"line":112,"column":2}},"37":{"start":{"line":83,"column":26},"end":{"line":83,"column":141}},"38":{"start":{"line":83,"column":40},"end":{"line":83,"column":141}},"39":{"start":{"line":95,"column":4},"end":{"line":95,"column":23}},"40":{"start":{"line":96,"column":4},"end":{"line":104,"column":5}},"41":{"start":{"line":97,"column":6},"end":{"line":100,"column":9}},"42":{"start":{"line":98,"column":8},"end":{"line":99,"column":24}},"43":{"start":{"line":99,"column":10},"end":{"line":99,"column":24}},"44":{"start":{"line":102,"column":6},"end":{"line":103,"column":22}},"45":{"start":{"line":103,"column":8},"end":{"line":103,"column":22}},"46":{"start":{"line":108,"column":4},"end":{"line":109,"column":42}},"47":{"start":{"line":109,"column":6},"end":{"line":109,"column":42}},"48":{"start":{"line":116,"column":0},"end":{"line":155,"column":2}},"49":{"start":{"line":122,"column":4},"end":{"line":123,"column":22}},"50":{"start":{"line":123,"column":6},"end":{"line":123,"column":22}},"51":{"start":{"line":125,"column":4},"end":{"line":125,"column":67}},"52":{"start":{"line":126,"column":4},"end":{"line":126,"column":41}},"53":{"start":{"line":130,"column":4},"end":{"line":131,"column":33}},"54":{"start":{"line":130,"column":10},"end":{"line":130,"column":18}},"55":{"start":{"line":131,"column":16},"end":{"line":131,"column":31}},"56":{"start":{"line":135,"column":4},"end":{"line":135,"column":113}},"57":{"start":{"line":135,"column":18},"end":{"line":135,"column":113}},"58":{"start":{"line":136,"column":4},"end":{"line":137,"column":33}},"59":{"start":{"line":136,"column":10},"end":{"line":136,"column":18}},"60":{"start":{"line":137,"column":16},"end":{"line":137,"column":31}},"61":{"start":{"line":141,"column":4},"end":{"line":142,"column":33}},"62":{"start":{"line":141,"column":10},"end":{"line":141,"column":18}},"63":{"start":{"line":142,"column":16},"end":{"line":142,"column":31}},"64":{"start":{"line":146,"column":4},"end":{"line":146,"column":115}},"65":{"start":{"line":146,"column":18},"end":{"line":146,"column":115}},"66":{"start":{"line":147,"column":4},"end":{"line":148,"column":33}},"67":{"start":{"line":147,"column":10},"end":{"line":147,"column":18}},"68":{"start":{"line":148,"column":16},"end":{"line":148,"column":31}},"69":{"start":{"line":152,"column":4},"end":{"line":
[...]
","  if (typeof version === 'string')","    version = new SemVer(version, this.loose);","","  return cmp(version, this.operator, this.semver, this.loose);","};","","","exports.Range = Range;","function Range(range, loose) {","  if ((range instanceof Range) && range.loose === loose)","    return range;","","  if (!(this instanceof Range))","    return new Range(range, loose);","","  this.loose = loose;","","  // First, split based on boolean or ||","  this.raw = range;","  this.set = range.split(/\\s*\\|\\|\\s*/).map(function(range) {","    return this.parseRange(range.trim());","  }, this).filter(function(c) {","    // throw out any that are not relevant for whatever reason","    return c.length;","  });","","  if (!this.set.length) {","    throw new TypeError('Invalid SemVer Range: ' + range);","  }","","  this.format();","}","","Range.prototype.inspect = function() {","  return '<SemVer Range \"' + this.range + '\">';","};","","Range.prototype.format = function() {","  this.range = this.set.map(function(comps) {","    return comps.join(' ').trim();","  }).join('||').trim();","  return this.range;","};","","Range.prototype.toString = function() {","  return this.range;","};","","Range.prototype.parseRange = function(range) {","  var loose = this.loose;","  range = range.trim();","  debug('range', range, loose);","  // `1.2.3 - 1.2.4` => `>=1.2.3 <=1.2.4`","  var hr = loose ? re[HYPHENRANGELOOSE] : re[HYPHENRANGE];","  range = range.replace(hr, hyphenReplace);","  debug('hyphen replace', range);","  // `> 1.2.3 < 1.2.5` => `>1.2.3 <1.2.5`","  range = range.replace(re[COMPARATORTRIM], comparatorTrimReplace);","  debug('comparator trim', range, re[COMPARATORTRIM]);","","  // `~ 1.2.3` => `~1.2.3`","  range = range.replace(re[TILDETRIM], tildeTrimReplace);","","  // `^ 1.2.3` => `^1.2.3`","  range = range.replace(re[CARETTRIM], caretTrimReplace);","","  // normalize spaces","  range = range.split(/\\s+/).join(' ');","","  // At this point, the range is completely trimmed and","  // ready to be split into comparators.","","  var compRe = loose ? re[COMPARATORLOOSE] : re[COMPARATOR];","  var set = range.split(' ').map(function(comp) {","    return parseComparator(comp, loose);","  }).join(' ').split(/\\s+/);","  if (this.loose) {","    // in loose mode, throw out any that are not valid comparators","    set = set.filter(function(comp) {","      return !!comp.match(compRe);","    });","  }","  set = set.map(function(comp) {","    return new Comparator(comp, loose);","  });","","  return set;","};","","// Mostly just for testing and legacy API reasons","exports.toComparators = toComparators;","function toComparators(range, loose) {","  return new Range(range, loose).set.map(function(comp) {","    return comp.map(function(c) {","      return c.value;","    }).join(' ').trim().split(' ');","  });","}","","// comprised of xranges, tildes, stars, and gtlt's at this point.","// already replaced the hyphen ranges","// turn into a set of JUST comparators.","function parseComparator(comp, loose) {","  debug('comp', comp);","  comp = replaceCarets(comp, loose);","  debug('caret', comp);","  comp = replaceTildes(comp, loose);","  debug('tildes', comp);","  comp = replaceXRanges(comp, loose);","  debug('xrange', comp);","  comp = replaceStars(comp, loose);","  debug('stars', comp);","  return comp;","}","","function isX(id) {","  return !id || id.toLowerCase() === 'x' || id === '*';","}","","// ~, ~> --> * (any, kinda silly)","// ~2, ~2.x, ~2.x.x, ~>2, ~>2.x ~>2.x.x --> >=2.0.0 <3.0.0","// ~2.0, ~2.0.x, ~>2.0, ~>2.0.x --> >=2.0.0 <2.1.0","// ~1.2, ~1.2.x, ~>1.2, ~>1.2.x --> >=1.2.0 <1.3.0","// ~1.2.3, ~>1.2.3 --> >=1.2.3 <1.3.0","// ~1.2.0, ~>1.2.0 --> >=1.2.0 <1.3.0","function replaceTildes(comp, loose) {","  return comp.trim().split(/\\s+/).map(function(comp) {","    return replaceTilde(comp, loose);","  }).join(' ');","}","","function replaceTilde(comp, loose) {","  var r = loose ? re[TILDELOOSE] : re[TILDE];","  return comp.replace(r, function(_, M, m, p, pr) {","    debug('tilde', comp, _, M, m, p, pr);","    var ret;","","    if (isX(M))","      ret = '';","    else if (isX(m))","      ret = '>=' + M + '.0.0 <' + (+M + 1) + '.0.0';","    else if (isX(p))","      // ~1.2 == >=1.2.0- <1.3.0-","      ret = '>=' + M + '.' + m + '.0 <' + M + '.' + (+m + 1) + '.0';","    else if (pr) {","      debug('replaceTilde pr', pr);","      if (pr.charAt(0) !== '-')","        pr = '-' + pr;","      ret = '>=' + M + '.' + m + '.' + p + pr +","            ' <' + M + '.' + (+m + 1) + '.0';","    } else","      // ~1.2.3 == >=1.2.3 <1.3.0","      ret = '>=' + M + '.' + m + '.' + p +","            ' <' + M + '.' + (+m + 1) + '.0';","","    debug('tilde return', ret);","    return ret;","  });","}","","// ^ --> * (any, kinda silly)","// ^2, ^2.x, ^2.x.x --> >=2.0.0 <3.0.0","// ^2.0, ^2.0.x --> >=2.0.0 <3.0.0","// ^1.2, ^1.2.x --> >=1.2.0 <2.0.0","// ^1.2.3 --> >=1.2.3 <2.0.0","// ^1.2.0 --> >=1.2.0 <2.0.0","function replaceCarets(comp, loose) {","  return comp.trim().split(/\\s+/).map(function(comp) {","    return replaceCaret(comp, loose);","  }).join(' ');","}","","function replaceCaret(comp, loose) {","  debug('caret', comp, loose);","  var r = loose ? re[CARETLOOSE] : re[CARET];","  return comp.replace(r, function(_, M, m, p, pr) {","    debug('caret', comp, _, M, m, p, pr);","    var ret;","","    if (isX(M))","      ret = '';","    else if (isX(m))","      ret = '>=' + M + '.0.0 <' + (+M + 1) + '.0.0';","    else if (isX(p)) {","      if (M === '0')","        ret = '>=' + M + '.' + m + '.0 <' + M + '.' + (+m + 1) + '.0';","      else","        ret = '>=' + M + '.' + m + '.0 <' + (+M + 1) + '.0.0';","    } else if (pr) {","      debug('replaceCaret pr', pr);","      if (pr.charAt(0) !== '-')","        pr = '-' + pr;","      if (M === '0') {","        if (m === '0')","          ret = '>=' + M + '.' + m + '.' + p + pr +","                ' <' + M + '.' + m + '.' + (+p + 1);","        else","          ret = '>=' + M + '.' + m + '.' + p + pr +","                ' <' + M + '.' + (+m + 1) + '.0';","      } else","        ret = '>=' + M + '.' + m + '.' + p + pr +","              ' <' + (+M + 1) + '.0.0';","    } else {","      debug('no pr');","      if (M === '0') {","        if (m === '0')","          ret = '>=' + M + '.' + m + '.' + p +","                ' <' + M + '.' + m + '.' + (+p + 1);","        else","          ret = '>=' + M + '.' + m + '.' + p +","                ' <' + M + '.' + (+m + 1) + '.0';","      } else","        ret = '>=' + M + '.' + m + '.' + p +","              ' <' + (+M + 1) + '.0.0';","    }","","    debug('caret return', ret);","    return ret;","  });","}","","function replaceXRanges(comp, loose) {","  debug('replaceXRanges', comp, loose);","  return comp.split(/\\s+/).map(function(comp) {","    return replaceXRange(comp, loose);","  }).join(' ');","}","","function replaceXRange(comp, loose) {","  comp = comp.trim();","  var r = loose ? re[XRANGELOOSE] : re[XRANGE];","  return comp.replace(r, function(ret, gtlt, M, m, p, pr) {","    debug('xRange', comp, ret, gtlt, M, m, p, pr);","    var xM = isX(M);","    var xm = xM || isX(m);","    var xp = xm || isX(p);","    var anyX = xp;","","    if (gtlt === '=' && anyX)","      gtlt = '';","","    if (xM) {","      if (gtlt === '>' || gtlt === '<') {","        // nothing is allowed","        ret = '<0.0.0';","      } else {","        // nothing is forbidden","        ret = '*';","      }","    } else if (gtlt && anyX) {","      // replace X with 0","      if (xm)","        m = 0;","      if (xp)","        p = 0;","","      if (gtlt === '>') {","        // >1 => >=2.0.0","        // >1.2 => >=1.3.0","        // >1.2.3 => >= 1.2.4","        gtlt = '>=';","        if (xm) {","          M = +M + 1;","          m = 0;","          p = 0;","        } else if (xp) {","          m = +m + 1;","          p = 0;","        }","      } else if (gtlt === '<=') {","        // <=0.7.x is actually <0.8.0, since any 0.7.x should","        // pass.  Similarly, <=7.x is actually <8.0.0, etc.","        gtlt = '<'","        if (xm)","          M = +M + 1","        else","          m = +m + 1","      }","","      ret = gtlt + M + '.' + m + '.' + p;","    } else if (xm) {","      ret = '>=' + M + '.0.0 <' + (+M + 1) + '.0.0';","    } else if (xp) {","      ret = '>=' + M + '.' + m + '.0 <' + M + '.' + (+m + 1) + '.0';","    }","","    debug('xRange return', ret);","","    return ret;","  });","}","","// Because * is AND-ed with everything else in the comparator,","// and '' means \"any version\", just remove the *s entirely.","function replaceStars(comp, loose) {","  debug('replaceStars', comp, loose);","  // Looseness is ignored here.  star is always as loose as it gets!","  return comp.trim().replace(re[STAR], '');","}","","// This function is passed to string.replace(re[HYPHENRANGE])","// M, m, patch, prerelease, build","// 1.2 - 3.4.5 => >=1.2.0 <=3.4.5","// 1.2.3 - 3.4 => >=1.2.0 <3.5.0 Any 3.4.x will do","// 1.2 - 3.4 => >=1.2.0 <3.5.0","function hyphenReplace($0,","                       from, fM, fm, fp, fpr, fb,","                       to, tM, tm, tp, tpr, tb) {","","  if (isX(fM))","    from = '';","  else if (isX(fm))","    from = '>=' + fM + '.0.0';","  else if (isX(fp))","    from = '>=' + fM + '.' + fm + '.0';","  else","    from = '>=' + from;","","  if (isX(tM))","    to = '';","  else if (isX(tm))","    to = '<' + (+tM + 1) + '.0.0';","  else if (isX(tp))","    to = '<' + tM + '.' + (+tm + 1) + '.0';","  else if (tpr)","    to = '<=' + tM + '.' + tm + '.' + tp + '-' + tpr;","  else","    to = '<=' + to;","","  return (from + ' ' + to).trim();","}","","","// if ANY of the sets match ALL of its comparators, then pass","Range.prototype.test = function(version) {","  if (!version)","    return false;","","  if (typeof version === 'string')","    version = new SemVer(version, this.loose);","","  for (var i = 0; i < this.set.length; i++) {","    if (testSet(this.set[i], version))","      return true;","  }","  return false;","};","","function testSet(set, version) {","  for (var i = 0; i < set.length; i++) {","    if (!set[i].test(version))","      return false;","  }","","  if (version.prerelease.length) {","    // Find the set of versions that are allowed to have prereleases","    // For example, ^1.2.3-pr.1 desugars to >=1.2.3-pr.1 <2.0.0","    // That should allow `1.2.3-pr.2` to pass.","    // However, `1.2.4-alpha.notready` should NOT be allowed,","    // even though it's within the range set by the comparators.","    for (var i = 0; i < set.length; i++) {","      debug(set[i].semver);","      if (set[i].semver === ANY)","        return true;","","      if (set[i].semver.prerelease.length > 0) {","        var allowed = set[i].semver;","        if (allowed.major === version.major &&","            allowed.minor === version.minor &&","            allowed.patch === version.patch)","          return true;","      }","    }","","    // Version has a -pre, but it's not one of the ones we like.","    return false;","  }","","  return true;","}","","exports.satisfies = satisfies;","function satisfies(version, range, loose) {","  try {","    range = new Range(range, loose);","  } catch (er) {","    return false;","  }","  return range.test(version);","}","","exports.maxSatisfying = maxSatisfying;","function maxSatisfying(versions, range, loose) {","  return versions.filter(function(version) {","    return satisfies(version, range, loose);","  }).sort(function(a, b) {","    return rcompare(a, b, loose);","  })[0] || null;","}","","exports.validRange = validRange;","function validRange(range, loose) {","  try {","    // Return '*' instead of '' so that truthiness works.","    // This will throw if it's invalid anyway","    return new Range(range, loose).range || '*';","  } catch (er) {","    return null;","  }","}","","// Determine if version is less than all the versions possible in the range","exports.ltr = ltr;","function ltr(version, range, loose) {","  return outside(version, range, '<', loose);","}","","// Determine if version is greater than all the versions possible in the range.","exports.gtr = gtr;","function gtr(version, range, loose) {","  return outside(version, range, '>', loose);","}","","exports.outside = outside;","function outside(version, range, hilo, loose) {","  version = new SemVer(version, loose);","  range = new Range(range, loose);","","  var gtfn, ltefn, ltfn, comp, ecomp;","  switch (hilo) {","    case '>':","      gtfn = gt;","      ltefn = lte;","      ltfn = lt;","      comp = '>';","      ecomp = '>=';","      break;","    case '<':","      gtfn = lt;","      ltefn = gte;","      ltfn = gt;","      comp = '<';","      ecomp = '<=';","      break;","    default:","      throw new TypeError('Must provide a hilo val of \"<\" or \">\"');","  }","","  // If it satisifes the range it is not outside","  if (satisfies(version, range, loose)) {","    return false;","  }","","  // From now on, variable terms are as if we're in \"gtr\" mode.","  // but note that everything is flipped for the \"ltr\" function.","","  for (var i = 0; i < range.set.length; ++i) {","    var comparators = range.set[i];","","    var high = null;","    var low = null;","","    comparators.forEach(function(comparator) {","      high = high || comparator;","      low = low || comparator;","      if (gtfn(comparator.semver, high.semver, loose)) {","        high = comparator;","      } else if (ltfn(comparator.semver, low.semver, loose)) {","        low = comparator;","      }","    });","","    // If the edge version comparator has a operator then our version","    // isn't outside it","    if (high.operator === comp || high.operator === ecomp) {","      return false;","    }","","    // If the lowest version comparator has an operator and our version","    // is less than it then it isn't higher than the range","    if ((!low.operator || low.operator === comp) &&","        ltefn(version, low.semver)) {","      return false;","    } else if (low.operator === ecomp && ltfn(version, low.semver)) {","      return false;","    }","  }","  return true;","}","","// Use the define() function if we're in AMD land","if (typeof define === 'function' && define.amd)","  define(exports);",""],"l":{"14":1,"18":1,"19":1,"22":1,"23":1,"27":0,"28":0,"29":0,"30":0,"33":1,"37":1,"40":1,"41":1,"42":1,"50":1,"51":1,"52":1,"53":1,"60":1,"61":1,"67":1,"68":1,"72":1,"73":1,"80":1,"81":1,"84":1,"85":1,"93":1,"94":1,"97":1,"98":1,"104":1,"105":1,"111":1,"112":1,"125":1,"126":1,"130":1,"135":1,"139":1,"140":1,"142":1,"143":1,"148":1,"149":1,"150":1,"151":1,"153":1,"154":1,"161":1,"162":1,"169":1,"170":1,"171":1,"172":1,"176":1,"177":1,"179":1,"180":1,"181":1,"182":1,"184":1,"185":1,"186":1,"187":1,"191":1,"192":1,"194":1,"195":1,"196":1,"197":1,"199":1,"200":1,"201":1,"202":1,"205":1,"206":1,"207":1,"208":1,"213":1,"214":1,"218":1,"219":1,"226":1,"227":1,"232":1,"233":1,"239":1,"240":1,"244":1,"245":34,"246":34,"247":31,"250":1,"251":1,"252":0,"253":0,"256":1,"257":1,"258":0,"259":0,"263":1,"264":1,"265":0,"266":0,"269":1,"271":1,"272":0,"273":0,"274":0,"276":0,"277":0,"278":0,"281":0,"282":0,"284":0,"285":0,"286":0,"288":0,"289":0,"291":0,"294":0,"295":0,"296":0,"299":0,"300":0,"302":0,"303":0,"306":0,"307":0,"310":1,"311":0,"312":0,"313":0,"314":0,"317":1,"318":0,"321":1,"322":0,"325":1,"326":0,"327":0,"328":0,"330":0,"333":1,"334":0,"335":0,"337":0,"342":1,"343":0,"344":0,"347":0,"348":0,"349":0,"350":0,"351":0,"352":0,"354":0,"355":0,"356":0,"357":0,"358":0,"359":0,"360":0,"361":0,"362":0,"363":0,"364":0,"365":0,"366":0,"368":0,"374":1,"375":0,"377":0,"378":0,"379":0,"380":0,"381":0,"382":0,"384":0,"385":0,"386":0,"387":0,"388":0,"393":0,"394":0,"395":0,"396":0,"400":0,"401":0,"402":0,"403":0,"410":0,"411":0,"412":0,"413":0,"414":0,"415":0,"421":0,"422":0,"423":0,"424":0,"425":0,"431":0,"432":0,"433":0,"434":0,"438":0,"439":0,"441":0,"442":0,"443":0,"444":0,"445":0,"448":0,"449":0,"451":0,"454":0,"455":0,"456":0,"458":0,"460":0,"463":0,"465":0,"466":0,"469":1,"470":1,"471":0,"472":0,"473":0,"476":0,"477":0,"479":0,"483":1,"485":1,"486":1,"487":0,"488":0,"490":0,"491":0,"492":0,"495":0,"502":1,"503":1,"504":0,"507":1,"508":1,"509":0,"512":1,"513":1,"514":0,"517":1,"518":1,"519":0,"522":1,"523":1,"524":0,"525":0,"529":1,"530":1,"531":0,"532":0,"536":1,"537":1,"538":0,"541":1,"542":1,"543":0,"546":1,"547":1,"548":0,"551":1,"552":1,"553":0,"556":1,"557":1,"558":0,"561":1,"562":1,"563":0,"566":1,"567":1,"568":0,"569":0,"571":0,"572":0,"573":0,"574":0,"576":0,"577":0,"578":0,"579":0,"580":0,"581":0,"582":0,"583":0,"584":0,"585":0,"586":0,"588":0,"591":1,"592":1,"593":0,"594":0,"595":0,"597":0,"600":0,"601":0,"603":0,"604":0,"605":0,"607":0,"608":0,"610":0,"612":0,"615":1,"616":1,"617":0,"618":0,"620":0,"621":0,"623":0,"624":0,"625":0,"628":0,"629":0,"631":0,"634":1,"635":0,"638":1,"639":0,"642":1,"643":0,"645":0,"646":0,"648":0,"649":0,"651":0,"655":1,"656":1,"657":0,"658":0,"660":0,"661":0,"663":0,"666":0,"667":0,"668":0,"671":0,"674":0,"675":0,"678":0,"681":1,"682":0,"685":1,"686":0,"687":0,"689":0,"692":1,"693":0,"696":1,"697":0,"698":0,"699":0,"701":0,"702":0,"703":0,"705":0,"706":0,"709":0,"712":0,"715":0,"720":0,"721":0,"722":0,"724":0,"726":0,"727":0,"730":0,"731":0,"734":0,"738":1,"739":1,"740":0,"741":0,"742":0,"750":1,"751":0,"752":0,"753":0,"754":0,"755":0,"756":0,"757":0,"758":0,"759":0,"760":0,"763":1,"764":0,"773":1,"774":0,"775":0,"779":1,"780":0,"781":0,"782":0,"783":0,"785":0,"786":0,"787":0,"788":0,"789":0,"791":0,"792":0,"793":0,"794":0,"795":0,"796":0,"800":0,"803":0,"804":0,"814":1,"815":0,"816":0,"820":1,"821":0,"822":0,"823":0,"824":0,"825":0,"827":0,"828":0,"829":0,"830":0,"831":0,"832":0,"833":0,"835":0,"836":0,"837":0,"838":0,"839":0,"840":0,"841":0,"842":0,"845":0,"848":0,"851":0,"852":0,"853":0,"854":0,"857":0,"860":0,"864":0,"865":0,"869":1,"870":0,"871":0,"872":0,"876":1,"877":0,"878":0,"879":0,"880":0,"881":0,"882":0,"883":0,"884":0,"886":0,"887":0,"889":0,"890":0,"892":0,"895":0,"897":0,"899":0,"900":0,"901":0,"902":0,"904":0,"908":0,"909":0,"910":0,"911":0,"912":0,"913":0,"914":0,"915":0,"917":0,"920":0,"921":0,"922":0,"924":0,"927":0,"928":0,"929":0,"930":0,"931":0,"934":0,"936":0,"942":1,"943":0,"945":0,"953":1,"957":0,"958":0,"959":0,"960":0,"961":0,"962":0,"964":0,"966":0,"967":0,"968":0,"969":0,"970":0,"971":0,"972":0,"973":0,"975":0,"977":0,"982":1,"983":0,"984":0,"986":0,"987":0,"989":0,"990":0,"991":0,"993":0,"996":1,"997":0,"998":0,"999":0,"1002":0,"1008":0,"1009":0,"1010":0,"1011":0,"1013":0,"1014":0,"1015":0,"1018":0,"1023":0,"1026":0,"1029":1,"1030":1,"1031":0,"1032":0,"1034":0,"1036":0,"1039":1,"1040":1,"1041":0,"1042":0,"1044":0,"1048":1,"1049":1,"1050":0,"1053":0,"1055":0,"1060":1,"1061":1,"1062":0,"1066":1,"1067":1,"1068":0,"1071":1,"1072":1,"1073":0,"1074":0,"1076":0,"1077":0,"1079":0,"1080":0,"1081":0,"1082":0,"1083":0,"1084":0,"1086":0,"1087":0,"1088":0,"1089":0,"1090":0,"1091":0,"1093":0,"1097":0,"1098":0,"1104":0,"1105":0,"1107":0,"1108":0,"1110":0,"1111":0,"1112":0,"1113":0,"1114":0,"1115":0,"1116":0,"1122":0,"1123":0,"1128":0,"1130":0,"1131":0,"1132":0,"1135":0,"1139":1,"1140":0}},"/home/travis/build/npmtest/node-npmtest-packagecheck/node_modules/packagecheck/npm.js":{"path":"/home/travis/build/npmtest/node-npmtest-packagecheck/node_modules/packagecheck/npm.js","s":{"1":1,"2":1},"b":{},"f":{"1":0},"fnMap":{"1":{"name":"(anonymous_1)","line":6,"loc":{"start":{"line":6,"column":11},"end":{"line":6,"column":22}}}},"statementMap":{"1":{"start":{"line":4,"column":0},"end":{"line":8,"column":1}},"2":{"start":{"line":10,"column":0},"end":{"line":10,"column":21}}},"branchMap":{},"code":["// package.js file sometimes make use of Npm directives. We define an empty object so","// that the directives are ignored. If we don't do this then an error will be generated.","","var Npm = {","","  depends: function() {},","  require: require","}","","module.exports = Npm;",""],"l":{"4":1,"10":1}}}